#
# There is insufficient memory for the Java Runtime Environment to continue.
# Native memory allocation (mmap) failed to map 536870912 bytes for Failed to commit area from 0x0000000600e00000 to 0x0000000620e00000 of length 536870912.
# Possible reasons:
#   The system is out of physical RAM or swap space
#   The process is running with CompressedOops enabled, and the Java Heap may be blocking the growth of the native heap
# Possible solutions:
#   Reduce memory load on the system
#   Increase physical memory or swap space
#   Check if swap backing store is full
#   Decrease Java heap size (-Xmx/-Xms)
#   Decrease number of Java threads
#   Decrease Java thread stack sizes (-Xss)
#   Set larger code cache with -XX:ReservedCodeCacheSize=
# This output file may be truncated or incomplete.
#
#  Out of Memory Error (./src/hotspot/os/windows/os_windows.cpp:3329), pid=7400, tid=17920
#
# JRE version:  (13.0.14+5) (build )
# Java VM: OpenJDK 64-Bit Server VM (13.0.14+5-MTS, mixed mode, sharing, tiered, compressed oops, g1 gc, windows-amd64)
# No core dump will be written. Minidumps are not enabled by default on client versions of Windows
#

---------------  S U M M A R Y ------------

Command Line: org.jetbrains.kotlin.cli.jvm.K2JVMCompiler @D:\Users\Howard\Dekstop\kronos-osrs-184-master\kronos-osrs-184-master\Kronos-master\runelite\buildSrc\build\20231117_9368592960321774068.compiler.options

Host: Intel(R) Core(TM) i5-6400 CPU @ 2.70GHz, 4 cores, 31G,  Windows 10 , 64 bit Build 17134 (10.0.17134.753)
Time: Fri Nov 17 01:55:26 2023 Eastern Standard Time elapsed time: 0.011375 seconds (0d 0h 0m 0s)

---------------  T H R E A D  ---------------

Current thread (0x000001e7ae671000):  JavaThread "Unknown thread" [_thread_in_vm, id=17920, stack(0x000000c61db00000,0x000000c61dc00000)]

Stack: [0x000000c61db00000,0x000000c61dc00000]
Native frames: (J=compiled Java code, j=interpreted, Vv=VM code, C=native code)
V  [jvm.dll+0x637a8a]
V  [jvm.dll+0x7e4d2a]
V  [jvm.dll+0x7e63e3]
V  [jvm.dll+0x7e6a23]
V  [jvm.dll+0x250618]
V  [jvm.dll+0x634c7a]
V  [jvm.dll+0x629935]
V  [jvm.dll+0x30fe4c]
V  [jvm.dll+0x30fc82]
V  [jvm.dll+0x3153f6]
V  [jvm.dll+0x35cb36]
V  [jvm.dll+0x35c310]
V  [jvm.dll+0x2ea5fa]
V  [jvm.dll+0x2eb892]
V  [jvm.dll+0x7c1858]
V  [jvm.dll+0x36a599]
V  [jvm.dll+0x7a3545]
V  [jvm.dll+0x3d7a2f]
V  [jvm.dll+0x3d9fa1]
C  [jli.dll+0x522f]
C  [ucrtbase.dll+0x1e3fe]
C  [KERNEL32.DLL+0x14034]
C  [ntdll.dll+0x73691]


---------------  P R O C E S S  ---------------

Threads class SMR info:
_java_thread_list=0x00007ffebae207d8, length=0, elements={
}

Java Threads: ( => current thread )

Other Threads:
  0x000001e7ae6f8000 GCTaskThread "GC Thread#0" [stack: 0x000000c61dc00000,0x000000c61dd00000] [id=13632]
  0x000001e7ae71a800 ConcurrentGCThread "G1 Main Marker" [stack: 0x000000c61dd00000,0x000000c61de00000] [id=17064]
  0x000001e7ae71c800 ConcurrentGCThread "G1 Conc#0" [stack: 0x000000c61de00000,0x000000c61df00000] [id=9564]

[error occurred during error reporting (printing all threads), id 0xc0000005, EXCEPTION_ACCESS_VIOLATION (0xc0000005) at pc=0x00007ffeba5ca567]

VM state:not at safepoint (not fully initialized)

VM Mutex/Monitor currently owned by a thread:  ([mutex/lock_event])
[0x000001e7ae66e2f0] Heap_lock - owner thread: 0x000001e7ae671000

Heap address: 0x0000000600e00000, size: 8178 MB, Compressed Oops mode: Non-zero based: 0x0000000600e00000
Narrow klass base: 0x0000000000000000, Narrow klass shift: 0

GC Heap History (0 events):
No events

Deoptimization events (0 events):
No events

Classes unloaded (0 events):
No events

Classes redefined (0 events):
No events

Internal exceptions (0 events):
No events

Events (1 events):
Event: 0.006 Loaded shared library C:\Users\Howard\.jdks\azul-13.0.14\bin\zip.dll


Dynamic libraries:
0x00007ff7c8b90000 - 0x00007ff7c8b9d000 	C:\Users\Howard\.jdks\azul-13.0.14\bin\java.exe
0x00007fff140c0000 - 0x00007fff142a1000 	C:\WINDOWS\SYSTEM32\ntdll.dll
0x00007fff13360000 - 0x00007fff13411000 	C:\WINDOWS\System32\KERNEL32.DLL
0x00007fff110b0000 - 0x00007fff11323000 	C:\WINDOWS\System32\KERNELBASE.dll
0x00007fff10fb0000 - 0x00007fff110a8000 	C:\WINDOWS\System32\ucrtbase.dll
0x00007ffeed860000 - 0x00007ffeed875000 	C:\Users\Howard\.jdks\azul-13.0.14\bin\VCRUNTIME140.dll
0x00007ffeee430000 - 0x00007ffeee448000 	C:\Users\Howard\.jdks\azul-13.0.14\bin\jli.dll
0x00007fff11970000 - 0x00007fff11b00000 	C:\WINDOWS\System32\USER32.dll
0x00007ffefaca0000 - 0x00007ffefaf09000 	C:\WINDOWS\WinSxS\amd64_microsoft.windows.common-controls_6595b64144ccf1df_6.0.17134.1304_none_d3fbe61b7c93d9f0\COMCTL32.dll
0x00007fff11520000 - 0x00007fff11540000 	C:\WINDOWS\System32\win32u.dll
0x00007fff13790000 - 0x00007fff1382e000 	C:\WINDOWS\System32\msvcrt.dll
0x00007fff135c0000 - 0x00007fff135e8000 	C:\WINDOWS\System32\GDI32.dll
0x00007fff11640000 - 0x00007fff11961000 	C:\WINDOWS\System32\combase.dll
0x00007fff10e10000 - 0x00007fff10fa1000 	C:\WINDOWS\System32\gdi32full.dll
0x00007fff13230000 - 0x00007fff13354000 	C:\WINDOWS\System32\RPCRT4.dll
0x00007fff10590000 - 0x00007fff1062f000 	C:\WINDOWS\System32\msvcp_win.dll
0x00007fff10d90000 - 0x00007fff10e09000 	C:\WINDOWS\System32\bcryptPrimitives.dll
0x00007fff14000000 - 0x00007fff1402d000 	C:\WINDOWS\System32\IMM32.DLL
0x00007ffec7bb0000 - 0x00007ffec7c4b000 	C:\Users\Howard\.jdks\azul-13.0.14\bin\msvcp140.dll
0x00007ffeba2d0000 - 0x00007ffebaec8000 	C:\Users\Howard\.jdks\azul-13.0.14\bin\server\jvm.dll
0x00007fff13f50000 - 0x00007fff13ff1000 	C:\WINDOWS\System32\ADVAPI32.dll
0x00007fff14030000 - 0x00007fff1408b000 	C:\WINDOWS\System32\sechost.dll
0x00007fff13550000 - 0x00007fff13558000 	C:\WINDOWS\System32\PSAPI.DLL
0x00007fff0e690000 - 0x00007fff0e6b3000 	C:\WINDOWS\SYSTEM32\WINMM.dll
0x00007fff0b3a0000 - 0x00007fff0b3aa000 	C:\WINDOWS\SYSTEM32\VERSION.dll
0x00007fff0e7b0000 - 0x00007fff0e7b9000 	C:\WINDOWS\SYSTEM32\WSOCK32.dll
0x00007fff134e0000 - 0x00007fff1354c000 	C:\WINDOWS\System32\WS2_32.dll
0x00007fff0e610000 - 0x00007fff0e63a000 	C:\WINDOWS\SYSTEM32\WINMMBASE.dll
0x00007fff10630000 - 0x00007fff10679000 	C:\WINDOWS\System32\cfgmgr32.dll
0x00007fff103e0000 - 0x00007fff103f1000 	C:\WINDOWS\System32\kernel.appcore.dll
0x00007ffefba30000 - 0x00007ffefba40000 	C:\Users\Howard\.jdks\azul-13.0.14\bin\verify.dll
0x00007ffefb7c0000 - 0x00007ffefb989000 	C:\WINDOWS\SYSTEM32\DBGHELP.DLL
0x00007ffefb460000 - 0x00007ffefb489000 	C:\WINDOWS\SYSTEM32\dbgcore.DLL
0x00007ffeed520000 - 0x00007ffeed546000 	C:\Users\Howard\.jdks\azul-13.0.14\bin\java.dll
0x00007ffefb9c0000 - 0x00007ffefb9ca000 	C:\Users\Howard\.jdks\azul-13.0.14\bin\jimage.dll
0x00007ffeed580000 - 0x00007ffeed597000 	C:\Users\Howard\.jdks\azul-13.0.14\bin\zip.dll

dbghelp: loaded successfully - version: 4.0.5 - missing functions: none
symbol engine: initialized successfully - sym options: 0x614 - pdb path: .;C:\Users\Howard\.jdks\azul-13.0.14\bin;C:\WINDOWS\SYSTEM32;C:\WINDOWS\WinSxS\amd64_microsoft.windows.common-controls_6595b64144ccf1df_6.0.17134.1304_none_d3fbe61b7c93d9f0;C:\Users\Howard\.jdks\azul-13.0.14\bin\server

VM Arguments:
java_command: org.jetbrains.kotlin.cli.jvm.K2JVMCompiler @D:\Users\Howard\Dekstop\kronos-osrs-184-master\kronos-osrs-184-master\Kronos-master\runelite\buildSrc\build\20231117_9368592960321774068.compiler.options
java_class_path (initial): C:\Users\Howard\.gradle\caches\modules-2\files-2.1\org.jetbrains.kotlin\kotlin-compiler-embeddable\1.6.21\97bdd5a752ce73b58ef16c17bc7f0ea2faff7a2e\kotlin-compiler-embeddable-1.6.21.jar;C:\Users\Howard\.gradle\caches\modules-2\files-2.1\org.jetbrains.kotlin\kotlin-reflect\1.6.21\5dc3574d9b7bebfcb4ec6b10ada4aaa9e140bd0b\kotlin-reflect-1.6.21.jar;C:\Users\Howard\.gradle\caches\modules-2\files-2.1\org.jetbrains.kotlin\kotlin-stdlib\1.6.21\11ef67f1900634fd951bad28c53ec957fabbe5b8\kotlin-stdlib-1.6.21.jar;C:\Users\Howard\.gradle\caches\modules-2\files-2.1\org.jetbrains.kotlin\kotlin-script-runtime\1.6.21\99c6675100da5d6d5b1c5a1032f27f28008d101b\kotlin-script-runtime-1.6.21.jar;C:\Users\Howard\.gradle\caches\modules-2\files-2.1\org.jetbrains.kotlin\kotlin-daemon-embeddable\1.6.21\46b78cf392e1c4f10854c3cadba44abb7b82250f\kotlin-daemon-embeddable-1.6.21.jar;C:\Users\Howard\.gradle\caches\modules-2\files-2.1\org.jetbrains.intellij.deps\trove4j\1.0.20200330\3afb14d5f9ceb459d724e907a21145e8ff394f02\trove4j-1.0.20200330.jar;C:\Users\Howard\.gradle\caches\modules-2\files-2.1\net.java.dev.jna\jna\5.6.0\330f2244e9030119ab3030fc3fededc86713d9cc\jna-5.6.0.jar;C:\Users\Howard\.gradle\caches\modules-2\files-2.1\org.jetbrains.kotlin\kotlin-stdlib-common\1.6.21\5e5b55c26dbc80372a920aef60eb774b714559b8\kotlin-stdlib-common-1.6.21.jar;C:\Users\Howard\.gradle\caches\modules-2\files-2.1\org.jetbrains\annotations\13.0\919f0dfe192fb4e063e7dacadee7f8bb9a2672a9\annotations-13.0.jar
Launcher Type: SUN_STANDARD

[Global flags]
     intx CICompilerCount                          = 3                                         {product} {ergonomic}
     uint ConcGCThreads                            = 1                                         {product} {ergonomic}
     uint G1ConcRefinementThreads                  = 4                                         {product} {ergonomic}
   size_t G1HeapRegionSize                         = 2097152                                   {product} {ergonomic}
    uintx GCDrainStackTargetSize                   = 64                                        {product} {ergonomic}
   size_t InitialHeapSize                          = 536870912                                 {product} {ergonomic}
   size_t MarkStackSize                            = 4194304                                   {product} {ergonomic}
   size_t MaxHeapSize                              = 8575254528                                {product} {ergonomic}
   size_t MinHeapDeltaBytes                        = 2097152                                   {product} {ergonomic}
   size_t MinHeapSize                              = 8388608                                   {product} {ergonomic}
    uintx NonNMethodCodeHeapSize                   = 5832780                                {pd product} {ergonomic}
    uintx NonProfiledCodeHeapSize                  = 122912730                              {pd product} {ergonomic}
    uintx ProfiledCodeHeapSize                     = 122912730                              {pd product} {ergonomic}
    uintx ReservedCodeCacheSize                    = 251658240                              {pd product} {ergonomic}
     bool SegmentedCodeCache                       = true                                      {product} {ergonomic}
   size_t SoftMaxHeapSize                          = 8575254528                             {manageable} {ergonomic}
     bool UseCompressedClassPointers               = true                                 {lp64_product} {ergonomic}
     bool UseCompressedOops                        = true                                 {lp64_product} {ergonomic}
     bool UseG1GC                                  = true                                      {product} {ergonomic}
     bool UseLargePagesIndividualAllocation        = false                                  {pd product} {ergonomic}

Logging:
Log output configuration:
 #0: stdout all=warning uptime,level,tags
 #1: stderr all=off uptime,level,tags

Environment Variables:
PATH=C:\Program Files (x86)\Razer\ChromaBroadcast\bin;C:\Program Files\Razer\ChromaBroadcast\bin;C:\Program Files\Common Files\Oracle\Java\javapath;C:\Program Files (x86)\Common Files\Oracle\Java\javapath;C:\WINDOWS\system32;C:\WINDOWS;C:\WINDOWS\System32\Wbem;C:\WINDOWS\System32\WindowsPowerShell\v1.0\;C:\WINDOWS\System32\OpenSSH\;C:\Program Files\NVIDIA Corporation\NVIDIA NvDLISR;C:\Program Files (x86)\NVIDIA Corporation\PhysX\Common;D:\Program Files\nodejs\;D:\Program Files (x86)\PuTTY\;C:\Program Files\Git\cmd;C:\Program Files\CMake\bin;C:\Program Files (x86)\Microsoft SQL Server\160\Tools\Binn\;C:\Program Files\Microsoft SQL Server\160\Tools\Binn\;C:\Program Files\Microsoft SQL Server\Client SDK\ODBC\170\Tools\Binn\;C:\Program Files\Microsoft SQL Server\160\DTS\Binn\;C:\Program Files\PuTTY\;C:\Program Files\dotnet\;C:\Users\Howard\AppData\Local\Microsoft\WindowsApps;C:\Users\Howard\AppData\Local\atom\bin;C:\Users\Howard\AppData\Local\Programs\Microsoft VS Code\bin;C:\Users\Howard\AppData\Roaming\npm;D:\Program Files\JetBrains\IntelliJ IDEA Community Edition 2021.2.3\bin;C:\Users\Howard\AppData\Local\GitHubDesktop\bin;C:\Users\Howard\AppData\Local\Microsoft\WindowsApps;C:\Users\Howard\AppData\Local\atom\bin;C:\Users\Howard\AppData\Local\Programs\Microsoft VS Code\bin;C:\Users\Howard\AppData\Roaming\npm;D:\Program Files\JetBrains\IntelliJ IDEA Community Edition 2022.3.3\bin;;C:\Users\Howard\AppData\Local\GitHubDesktop\bin;D:\Program Files (x86)\Jar2Exe Wizard\
USERNAME=Howard
OS=Windows_NT
PROCESSOR_IDENTIFIER=Intel64 Family 6 Model 94 Stepping 3, GenuineIntel



---------------  S Y S T E M  ---------------

OS: Windows 10 , 64 bit Build 17134 (10.0.17134.753)
OS uptime: 0 days 7:10 hours

CPU:total 4 (initial active 4) (4 cores per cpu, 1 threads per core) family 6 model 94 stepping 3, cmov, cx8, fxsr, mmx, sse, sse2, sse3, ssse3, sse4.1, sse4.2, popcnt, avx, avx2, clmul, erms, 3dnowpref, lzcnt, tsc, tscinvbit, bmi1, bmi2, adx, fma

Memory: 4k page, system-wide physical 32704M (7966M free)
TotalPageFile size 47825M (AvailPageFile size 220M)
current process WorkingSet (physical memory assigned to process): 10M, peak: 10M
current process commit charge ("private bytes"): 53M, peak: 564M

vm_info: OpenJDK 64-Bit Server VM (13.0.14+5-MTS) for windows-amd64 JRE (13.0.14+5-MTS) (Zulu13.54+17-CA), built on Jan  7 2023 17:55:36 by "zulu_re" with MS VC++ 15.9 (VS2017)

END.
