#
# There is insufficient memory for the Java Runtime Environment to continue.
# Native memory allocation (mmap) failed to map 1090519040 bytes for Failed to commit area from 0x000000063e400000 to 0x000000067f400000 of length 1090519040.
# Possible reasons:
#   The system is out of physical RAM or swap space
#   The process is running with CompressedOops enabled, and the Java Heap may be blocking the growth of the native heap
# Possible solutions:
#   Reduce memory load on the system
#   Increase physical memory or swap space
#   Check if swap backing store is full
#   Decrease Java heap size (-Xmx/-Xms)
#   Decrease number of Java threads
#   Decrease Java thread stack sizes (-Xss)
#   Set larger code cache with -XX:ReservedCodeCacheSize=
#   JVM is running with Zero Based Compressed Oops mode in which the Java heap is
#     placed in the first 32GB address space. The Java Heap base address is the
#     maximum limit for the native heap growth. Please use -XX:HeapBaseMinAddress
#     to set the Java Heap base and to place the Java Heap above 32GB virtual address.
# This output file may be truncated or incomplete.
#
#  Out of Memory Error (./open/src/hotspot/os/windows/os_windows.cpp:3293), pid=876, tid=13608
#
# JRE version: Java(TM) SE Runtime Environment 18.9 (11.0.20+9) (build 11.0.20+9-LTS-256)
# Java VM: Java HotSpot(TM) 64-Bit Server VM 18.9 (11.0.20+9-LTS-256, mixed mode, tiered, compressed oops, g1 gc, windows-amd64)
# No core dump will be written. Minidumps are not enabled by default on client versions of Windows
#

---------------  S U M M A R Y ------------

Command Line: -Dfile.encoding=UTF-8 -Duser.country=US -Duser.language=en -Duser.variant io.ruin.Server

Host: Intel(R) Core(TM) i5-6400 CPU @ 2.70GHz, 4 cores, 31G,  Windows 10 , 64 bit Build 17134 (10.0.17134.753)
Time: Fri Nov 17 02:36:21 2023 Eastern Standard Time elapsed time: 5.865126 seconds (0d 0h 0m 5s)

---------------  T H R E A D  ---------------

Current thread (0x000001b67dd53800):  VMThread "VM Thread" [stack: 0x00000095a5400000,0x00000095a5500000] [id=13608]

Stack: [0x00000095a5400000,0x00000095a5500000]
[error occurred during error reporting (printing stack bounds), id 0xc0000005, EXCEPTION_ACCESS_VIOLATION (0xc0000005) at pc=0x000001b660f30f2d]

Native frames: (J=compiled Java code, j=interpreted, Vv=VM code, C=native code)
V  [jvm.dll+0x6602ba]
V  [jvm.dll+0x7a32af]
V  [jvm.dll+0x7a4979]
V  [jvm.dll+0x7a4f75]
V  [jvm.dll+0x7a4f2b]
V  [jvm.dll+0x65f7c3]
V  [jvm.dll+0x65feb8]
C  [ntdll.dll+0x9f7fd]
C  [ntdll.dll+0xd856]
C  [ntdll.dll+0x9e72e]
C  0x000001b660f30f2d

VM_Operation (0x00000095a4efe4f0): G1CollectForAllocation, mode: safepoint, requested by thread 0x000001b65986b800


---------------  P R O C E S S  ---------------

Threads class SMR info:
_java_thread_list=0x000001b67f5fa1e0, length=15, elements={
0x000001b65986b800, 0x000001b67dd78000, 0x000001b67dd79000, 0x000001b67ddd0800,
0x000001b67ddd3800, 0x000001b67ddd5800, 0x000001b67dddd000, 0x000001b67dddf000,
0x000001b67dde6000, 0x000001b67dfa9000, 0x000001b67e799800, 0x000001b67eab6000,
0x000001b67edfa800, 0x000001b67ed79800, 0x000001b609140000
}

Java Threads: ( => current thread )
  0x000001b65986b800 JavaThread "main" [_thread_blocked, id=11924, stack(0x00000095a4e00000,0x00000095a4f00000)]
  0x000001b67dd78000 JavaThread "Reference Handler" daemon [_thread_blocked, id=11336, stack(0x00000095a5500000,0x00000095a5600000)]
  0x000001b67dd79000 JavaThread "Finalizer" daemon [_thread_blocked, id=8748, stack(0x00000095a5600000,0x00000095a5700000)]
  0x000001b67ddd0800 JavaThread "Signal Dispatcher" daemon [_thread_blocked, id=9756, stack(0x00000095a5700000,0x00000095a5800000)]
  0x000001b67ddd3800 JavaThread "Attach Listener" daemon [_thread_blocked, id=11800, stack(0x00000095a5800000,0x00000095a5900000)]
  0x000001b67ddd5800 JavaThread "Service Thread" daemon [_thread_blocked, id=16096, stack(0x00000095a5900000,0x00000095a5a00000)]
  0x000001b67dddd000 JavaThread "C2 CompilerThread0" daemon [_thread_in_native, id=17300, stack(0x00000095a5a00000,0x00000095a5b00000)]
  0x000001b67dddf000 JavaThread "C1 CompilerThread0" daemon [_thread_blocked, id=11096, stack(0x00000095a5b00000,0x00000095a5c00000)]
  0x000001b67dde6000 JavaThread "Sweeper thread" daemon [_thread_blocked, id=13952, stack(0x00000095a5c00000,0x00000095a5d00000)]
  0x000001b67dfa9000 JavaThread "Common-Cleaner" daemon [_thread_blocked, id=16696, stack(0x00000095a5e00000,0x00000095a5f00000)]
  0x000001b67e799800 JavaThread "server-worker #1" [_thread_blocked, id=16776, stack(0x00000095a6000000,0x00000095a6100000)]
  0x000001b67eab6000 JavaThread "mysql-cj-abandoned-connection-cleanup" daemon [_thread_blocked, id=12988, stack(0x00000095a6100000,0x00000095a6200000)]
  0x000001b67edfa800 JavaThread "server-worker #1" [_thread_blocked, id=9348, stack(0x00000095a6200000,0x00000095a6300000)]
  0x000001b67ed79800 JavaThread "mysql-cj-abandoned-connection-cleanup" daemon [_thread_blocked, id=10300, stack(0x00000095a6600000,0x00000095a6700000)]
  0x000001b609140000 JavaThread "Keep-Alive-Timer" daemon [_thread_blocked, id=15972, stack(0x00000095a6700000,0x00000095a6800000)]

Other Threads:
=>0x000001b67dd53800 VMThread "VM Thread" [stack: 0x00000095a5400000,0x00000095a5500000] [id=13608]
  0x000001b67df05000 WatcherThread [stack: 0x00000095a5d00000,0x00000095a5e00000] [id=15168]
  0x000001b659881000 GCTaskThread "GC Thread#0" [stack: 0x00000095a4f00000,0x00000095a5000000] [id=7964]
  0x000001b67f04f800 GCTaskThread "GC Thread#1" [stack: 0x00000095a6300000,0x00000095a6400000] [id=13596]
  0x000001b67ed6e000 GCTaskThread "GC Thread#2" [stack: 0x00000095a6400000,0x00000095a6500000] [id=13576]
  0x000001b67ed6e800 GCTaskThread "GC Thread#3" [stack: 0x00000095a6500000,0x00000095a6600000] [id=11828]
  0x000001b6598ff000 ConcurrentGCThread "G1 Main Marker" [stack: 0x00000095a5000000,0x00000095a5100000] [id=1656]
  0x000001b659900800 ConcurrentGCThread "G1 Conc#0" [stack: 0x00000095a5100000,0x00000095a5200000] [id=3820]
  0x000001b67d3b4000 ConcurrentGCThread "G1 Refine#0" [stack: 0x00000095a5200000,0x00000095a5300000] [id=13540]
  0x000001b67f532000 ConcurrentGCThread "G1 Refine#1" [stack: 0x00000095a6800000,0x00000095a6900000] [id=3824]
  0x000001b67d3b5000 ConcurrentGCThread "G1 Young RemSet Sampling" [stack: 0x00000095a5300000,0x00000095a5400000] [id=17988]

Threads with active compile tasks:
C2 CompilerThread0     5881 2291 % !   4       io.ruin.model.map.Region::init @ 50 (573 bytes)

VM state:at safepoint (normal execution)

VM Mutex/Monitor currently owned by a thread:  ([mutex/lock_event])
[0x000001b659866d30] Threads_lock - owner thread: 0x000001b67dd53800
[0x000001b659866b80] Heap_lock - owner thread: 0x000001b65986b800

Heap address: 0x0000000600e00000, size: 8178 MB, Compressed Oops mode: Zero based, Oop shift amount: 3
Narrow klass base: 0x0000000800000000, Narrow klass shift: 0
Compressed class space size: 1073741824 Address: 0x0000000800000000

Heap:
 garbage-first heap   total 2070528K, used 694272K [0x0000000600e00000, 0x0000000800000000)
  region size 2048K, 9 young (18432K), 9 survivors (18432K)
 Metaspace       used 14405K, capacity 14818K, committed 14848K, reserved 1062912K
  class space    used 1332K, capacity 1521K, committed 1536K, reserved 1048576K
Heap Regions: E=young(eden), S=young(survivor), O=old, HS=humongous(starts), HC=humongous(continues), CS=collection set, F=free, A=archive, TAMS=top-at-mark-start (previous, next)
|   0|0x0000000600e00000, 0x0000000601000000, 0x0000000601000000|100%|HS|  |TAMS 0x0000000600e00000, 0x0000000601000000| Complete 
|   1|0x0000000601000000, 0x0000000601200000, 0x0000000601200000|100%| O|  |TAMS 0x0000000601000000, 0x0000000601200000| Untracked 
|   2|0x0000000601200000, 0x0000000601400000, 0x0000000601400000|100%| O|  |TAMS 0x0000000601200000, 0x0000000601400000| Untracked 
|   3|0x0000000601400000, 0x0000000601600000, 0x0000000601600000|100%| O|  |TAMS 0x0000000601400000, 0x0000000601600000| Untracked 
|   4|0x0000000601600000, 0x0000000601800000, 0x0000000601800000|100%| O|  |TAMS 0x0000000601600000, 0x0000000601800000| Untracked 
|   5|0x0000000601800000, 0x0000000601a00000, 0x0000000601a00000|100%| O|  |TAMS 0x0000000601800000, 0x0000000601a00000| Untracked 
|   6|0x0000000601a00000, 0x0000000601c00000, 0x0000000601c00000|100%| O|  |TAMS 0x0000000601a00000, 0x0000000601c00000| Untracked 
|   7|0x0000000601c00000, 0x0000000601e00000, 0x0000000601e00000|100%| O|  |TAMS 0x0000000601c00000, 0x0000000601e00000| Untracked 
|   8|0x0000000601e00000, 0x0000000602000000, 0x0000000602000000|100%| O|  |TAMS 0x0000000601e00000, 0x0000000602000000| Untracked 
|   9|0x0000000602000000, 0x0000000602200000, 0x0000000602200000|100%| O|  |TAMS 0x0000000602000000, 0x0000000602200000| Untracked 
|  10|0x0000000602200000, 0x0000000602400000, 0x0000000602400000|100%| O|  |TAMS 0x0000000602200000, 0x0000000602400000| Untracked 
|  11|0x0000000602400000, 0x0000000602600000, 0x0000000602600000|100%| O|  |TAMS 0x0000000602400000, 0x0000000602600000| Untracked 
|  12|0x0000000602600000, 0x0000000602800000, 0x0000000602800000|100%| O|  |TAMS 0x0000000602600000, 0x0000000602800000| Untracked 
|  13|0x0000000602800000, 0x0000000602a00000, 0x0000000602a00000|100%| O|  |TAMS 0x0000000602800000, 0x0000000602a00000| Untracked 
|  14|0x0000000602a00000, 0x0000000602c00000, 0x0000000602c00000|100%| O|  |TAMS 0x0000000602a00000, 0x0000000602c00000| Untracked 
|  15|0x0000000602c00000, 0x0000000602e00000, 0x0000000602e00000|100%| O|  |TAMS 0x0000000602c00000, 0x0000000602e00000| Untracked 
|  16|0x0000000602e00000, 0x0000000603000000, 0x0000000603000000|100%| O|  |TAMS 0x0000000602e00000, 0x0000000603000000| Untracked 
|  17|0x0000000603000000, 0x0000000603200000, 0x0000000603200000|100%| O|  |TAMS 0x0000000603000000, 0x0000000603200000| Untracked 
|  18|0x0000000603200000, 0x0000000603400000, 0x0000000603400000|100%| O|  |TAMS 0x0000000603200000, 0x0000000603400000| Untracked 
|  19|0x0000000603400000, 0x0000000603600000, 0x0000000603600000|100%| O|  |TAMS 0x0000000603400000, 0x0000000603600000| Untracked 
|  20|0x0000000603600000, 0x0000000603800000, 0x0000000603800000|100%| O|  |TAMS 0x0000000603600000, 0x0000000603800000| Untracked 
|  21|0x0000000603800000, 0x0000000603a00000, 0x0000000603a00000|100%| O|  |TAMS 0x0000000603800000, 0x0000000603a00000| Untracked 
|  22|0x0000000603a00000, 0x0000000603c00000, 0x0000000603c00000|100%| O|  |TAMS 0x0000000603a00000, 0x0000000603c00000| Untracked 
|  23|0x0000000603c00000, 0x0000000603e00000, 0x0000000603e00000|100%| O|  |TAMS 0x0000000603c00000, 0x0000000603e00000| Untracked 
|  24|0x0000000603e00000, 0x0000000604000000, 0x0000000604000000|100%| O|  |TAMS 0x0000000603e00000, 0x0000000604000000| Untracked 
|  25|0x0000000604000000, 0x0000000604200000, 0x0000000604200000|100%| O|  |TAMS 0x0000000604000000, 0x0000000604200000| Untracked 
|  26|0x0000000604200000, 0x0000000604400000, 0x0000000604400000|100%| O|  |TAMS 0x0000000604200000, 0x0000000604400000| Untracked 
|  27|0x0000000604400000, 0x0000000604600000, 0x0000000604600000|100%| O|  |TAMS 0x0000000604400000, 0x0000000604600000| Untracked 
|  28|0x0000000604600000, 0x0000000604800000, 0x0000000604800000|100%| O|  |TAMS 0x0000000604600000, 0x0000000604800000| Untracked 
|  29|0x0000000604800000, 0x0000000604a00000, 0x0000000604a00000|100%| O|  |TAMS 0x0000000604800000, 0x0000000604a00000| Untracked 
|  30|0x0000000604a00000, 0x0000000604c00000, 0x0000000604c00000|100%| O|  |TAMS 0x0000000604a00000, 0x0000000604c00000| Untracked 
|  31|0x0000000604c00000, 0x0000000604e00000, 0x0000000604e00000|100%| O|  |TAMS 0x0000000604c00000, 0x0000000604e00000| Untracked 
|  32|0x0000000604e00000, 0x0000000605000000, 0x0000000605000000|100%| O|  |TAMS 0x0000000604e00000, 0x0000000605000000| Untracked 
|  33|0x0000000605000000, 0x0000000605200000, 0x0000000605200000|100%| O|  |TAMS 0x0000000605000000, 0x0000000605200000| Untracked 
|  34|0x0000000605200000, 0x0000000605400000, 0x0000000605400000|100%| O|  |TAMS 0x0000000605200000, 0x0000000605400000| Untracked 
|  35|0x0000000605400000, 0x0000000605600000, 0x0000000605600000|100%| O|  |TAMS 0x0000000605400000, 0x0000000605600000| Untracked 
|  36|0x0000000605600000, 0x0000000605800000, 0x0000000605800000|100%| O|  |TAMS 0x0000000605600000, 0x0000000605800000| Untracked 
|  37|0x0000000605800000, 0x0000000605a00000, 0x0000000605a00000|100%| O|  |TAMS 0x0000000605800000, 0x0000000605a00000| Untracked 
|  38|0x0000000605a00000, 0x0000000605c00000, 0x0000000605c00000|100%| O|  |TAMS 0x0000000605a00000, 0x0000000605c00000| Untracked 
|  39|0x0000000605c00000, 0x0000000605e00000, 0x0000000605e00000|100%| O|  |TAMS 0x0000000605c00000, 0x0000000605e00000| Untracked 
|  40|0x0000000605e00000, 0x0000000606000000, 0x0000000606000000|100%| O|  |TAMS 0x0000000605e00000, 0x0000000606000000| Untracked 
|  41|0x0000000606000000, 0x0000000606200000, 0x0000000606200000|100%| O|  |TAMS 0x0000000606000000, 0x0000000606200000| Untracked 
|  42|0x0000000606200000, 0x0000000606400000, 0x0000000606400000|100%| O|  |TAMS 0x0000000606200000, 0x0000000606400000| Untracked 
|  43|0x0000000606400000, 0x0000000606600000, 0x0000000606600000|100%| O|  |TAMS 0x0000000606400000, 0x0000000606600000| Untracked 
|  44|0x0000000606600000, 0x0000000606800000, 0x0000000606800000|100%| O|  |TAMS 0x0000000606600000, 0x0000000606800000| Untracked 
|  45|0x0000000606800000, 0x0000000606a00000, 0x0000000606a00000|100%| O|  |TAMS 0x0000000606800000, 0x0000000606a00000| Untracked 
|  46|0x0000000606a00000, 0x0000000606c00000, 0x0000000606c00000|100%| O|  |TAMS 0x0000000606a00000, 0x0000000606c00000| Untracked 
|  47|0x0000000606c00000, 0x0000000606e00000, 0x0000000606e00000|100%| O|  |TAMS 0x0000000606c00000, 0x0000000606e00000| Untracked 
|  48|0x0000000606e00000, 0x0000000607000000, 0x0000000607000000|100%| O|  |TAMS 0x0000000606e00000, 0x0000000607000000| Untracked 
|  49|0x0000000607000000, 0x0000000607200000, 0x0000000607200000|100%| O|  |TAMS 0x0000000607000000, 0x0000000607200000| Untracked 
|  50|0x0000000607200000, 0x0000000607400000, 0x0000000607400000|100%| O|  |TAMS 0x0000000607200000, 0x0000000607400000| Untracked 
|  51|0x0000000607400000, 0x0000000607600000, 0x0000000607600000|100%| O|  |TAMS 0x0000000607400000, 0x0000000607600000| Untracked 
|  52|0x0000000607600000, 0x0000000607800000, 0x0000000607800000|100%| O|  |TAMS 0x0000000607600000, 0x0000000607800000| Untracked 
|  53|0x0000000607800000, 0x0000000607a00000, 0x0000000607a00000|100%| O|  |TAMS 0x0000000607800000, 0x0000000607a00000| Untracked 
|  54|0x0000000607a00000, 0x0000000607c00000, 0x0000000607c00000|100%| O|  |TAMS 0x0000000607a00000, 0x0000000607c00000| Untracked 
|  55|0x0000000607c00000, 0x0000000607e00000, 0x0000000607e00000|100%| O|  |TAMS 0x0000000607c00000, 0x0000000607e00000| Untracked 
|  56|0x0000000607e00000, 0x0000000608000000, 0x0000000608000000|100%| O|  |TAMS 0x0000000607e00000, 0x0000000608000000| Untracked 
|  57|0x0000000608000000, 0x0000000608200000, 0x0000000608200000|100%| O|  |TAMS 0x0000000608000000, 0x0000000608200000| Untracked 
|  58|0x0000000608200000, 0x0000000608400000, 0x0000000608400000|100%| O|  |TAMS 0x0000000608200000, 0x0000000608400000| Untracked 
|  59|0x0000000608400000, 0x0000000608600000, 0x0000000608600000|100%| O|  |TAMS 0x0000000608400000, 0x0000000608600000| Untracked 
|  60|0x0000000608600000, 0x0000000608800000, 0x0000000608800000|100%| O|  |TAMS 0x0000000608600000, 0x0000000608800000| Untracked 
|  61|0x0000000608800000, 0x0000000608a00000, 0x0000000608a00000|100%| O|  |TAMS 0x0000000608800000, 0x0000000608a00000| Untracked 
|  62|0x0000000608a00000, 0x0000000608c00000, 0x0000000608c00000|100%| O|  |TAMS 0x0000000608a00000, 0x0000000608c00000| Untracked 
|  63|0x0000000608c00000, 0x0000000608e00000, 0x0000000608e00000|100%| O|  |TAMS 0x0000000608c00000, 0x0000000608e00000| Untracked 
|  64|0x0000000608e00000, 0x0000000609000000, 0x0000000609000000|100%| O|  |TAMS 0x0000000608e00000, 0x0000000609000000| Untracked 
|  65|0x0000000609000000, 0x0000000609200000, 0x0000000609200000|100%| O|  |TAMS 0x0000000609000000, 0x0000000609200000| Untracked 
|  66|0x0000000609200000, 0x0000000609400000, 0x0000000609400000|100%| O|  |TAMS 0x0000000609200000, 0x0000000609400000| Untracked 
|  67|0x0000000609400000, 0x0000000609600000, 0x0000000609600000|100%| O|  |TAMS 0x0000000609400000, 0x0000000609600000| Untracked 
|  68|0x0000000609600000, 0x0000000609800000, 0x0000000609800000|100%| O|  |TAMS 0x0000000609600000, 0x0000000609800000| Untracked 
|  69|0x0000000609800000, 0x0000000609a00000, 0x0000000609a00000|100%| O|  |TAMS 0x0000000609800000, 0x0000000609a00000| Untracked 
|  70|0x0000000609a00000, 0x0000000609c00000, 0x0000000609c00000|100%| O|  |TAMS 0x0000000609a00000, 0x0000000609c00000| Untracked 
|  71|0x0000000609c00000, 0x0000000609e00000, 0x0000000609e00000|100%| O|  |TAMS 0x0000000609c00000, 0x0000000609e00000| Untracked 
|  72|0x0000000609e00000, 0x000000060a000000, 0x000000060a000000|100%| O|  |TAMS 0x0000000609e00000, 0x000000060a000000| Untracked 
|  73|0x000000060a000000, 0x000000060a200000, 0x000000060a200000|100%| O|  |TAMS 0x000000060a000000, 0x000000060a200000| Untracked 
|  74|0x000000060a200000, 0x000000060a400000, 0x000000060a400000|100%| O|  |TAMS 0x000000060a200000, 0x000000060a400000| Untracked 
|  75|0x000000060a400000, 0x000000060a600000, 0x000000060a600000|100%| O|  |TAMS 0x000000060a400000, 0x000000060a600000| Untracked 
|  76|0x000000060a600000, 0x000000060a800000, 0x000000060a800000|100%| O|  |TAMS 0x000000060a600000, 0x000000060a800000| Untracked 
|  77|0x000000060a800000, 0x000000060aa00000, 0x000000060aa00000|100%| O|  |TAMS 0x000000060a800000, 0x000000060aa00000| Untracked 
|  78|0x000000060aa00000, 0x000000060ac00000, 0x000000060ac00000|100%| O|  |TAMS 0x000000060aa00000, 0x000000060ac00000| Untracked 
|  79|0x000000060ac00000, 0x000000060ae00000, 0x000000060ae00000|100%| O|  |TAMS 0x000000060ac00000, 0x000000060ae00000| Untracked 
|  80|0x000000060ae00000, 0x000000060b000000, 0x000000060b000000|100%| O|  |TAMS 0x000000060ae00000, 0x000000060b000000| Untracked 
|  81|0x000000060b000000, 0x000000060b200000, 0x000000060b200000|100%| O|  |TAMS 0x000000060b000000, 0x000000060b200000| Untracked 
|  82|0x000000060b200000, 0x000000060b400000, 0x000000060b400000|100%| O|  |TAMS 0x000000060b200000, 0x000000060b400000| Untracked 
|  83|0x000000060b400000, 0x000000060b600000, 0x000000060b600000|100%| O|  |TAMS 0x000000060b400000, 0x000000060b600000| Untracked 
|  84|0x000000060b600000, 0x000000060b800000, 0x000000060b800000|100%| O|  |TAMS 0x000000060b600000, 0x000000060b800000| Untracked 
|  85|0x000000060b800000, 0x000000060ba00000, 0x000000060ba00000|100%| O|  |TAMS 0x000000060b800000, 0x000000060ba00000| Untracked 
|  86|0x000000060ba00000, 0x000000060bc00000, 0x000000060bc00000|100%| O|  |TAMS 0x000000060ba00000, 0x000000060bc00000| Untracked 
|  87|0x000000060bc00000, 0x000000060be00000, 0x000000060be00000|100%| O|  |TAMS 0x000000060bc00000, 0x000000060be00000| Untracked 
|  88|0x000000060be00000, 0x000000060c000000, 0x000000060c000000|100%| O|  |TAMS 0x000000060be00000, 0x000000060c000000| Untracked 
|  89|0x000000060c000000, 0x000000060c200000, 0x000000060c200000|100%| O|  |TAMS 0x000000060c000000, 0x000000060c200000| Untracked 
|  90|0x000000060c200000, 0x000000060c400000, 0x000000060c400000|100%| O|  |TAMS 0x000000060c200000, 0x000000060c400000| Untracked 
|  91|0x000000060c400000, 0x000000060c600000, 0x000000060c600000|100%| O|  |TAMS 0x000000060c400000, 0x000000060c600000| Untracked 
|  92|0x000000060c600000, 0x000000060c800000, 0x000000060c800000|100%| O|  |TAMS 0x000000060c600000, 0x000000060c800000| Untracked 
|  93|0x000000060c800000, 0x000000060ca00000, 0x000000060ca00000|100%| O|  |TAMS 0x000000060c800000, 0x000000060ca00000| Untracked 
|  94|0x000000060ca00000, 0x000000060cc00000, 0x000000060cc00000|100%| O|  |TAMS 0x000000060ca00000, 0x000000060cc00000| Untracked 
|  95|0x000000060cc00000, 0x000000060ce00000, 0x000000060ce00000|100%| O|  |TAMS 0x000000060cc00000, 0x000000060ce00000| Untracked 
|  96|0x000000060ce00000, 0x000000060d000000, 0x000000060d000000|100%| O|  |TAMS 0x000000060ce00000, 0x000000060d000000| Untracked 
|  97|0x000000060d000000, 0x000000060d200000, 0x000000060d200000|100%| O|  |TAMS 0x000000060d000000, 0x000000060d200000| Untracked 
|  98|0x000000060d200000, 0x000000060d400000, 0x000000060d400000|100%| O|  |TAMS 0x000000060d200000, 0x000000060d400000| Untracked 
|  99|0x000000060d400000, 0x000000060d600000, 0x000000060d600000|100%| O|  |TAMS 0x000000060d400000, 0x000000060d600000| Untracked 
| 100|0x000000060d600000, 0x000000060d800000, 0x000000060d800000|100%| O|  |TAMS 0x000000060d600000, 0x000000060d800000| Untracked 
| 101|0x000000060d800000, 0x000000060da00000, 0x000000060da00000|100%| O|  |TAMS 0x000000060d800000, 0x000000060da00000| Untracked 
| 102|0x000000060da00000, 0x000000060dc00000, 0x000000060dc00000|100%| O|  |TAMS 0x000000060da00000, 0x000000060dc00000| Untracked 
| 103|0x000000060dc00000, 0x000000060de00000, 0x000000060de00000|100%| O|  |TAMS 0x000000060dc00000, 0x000000060de00000| Untracked 
| 104|0x000000060de00000, 0x000000060e000000, 0x000000060e000000|100%| O|  |TAMS 0x000000060de00000, 0x000000060e000000| Untracked 
| 105|0x000000060e000000, 0x000000060e200000, 0x000000060e200000|100%| O|  |TAMS 0x000000060e000000, 0x000000060e200000| Untracked 
| 106|0x000000060e200000, 0x000000060e400000, 0x000000060e400000|100%| O|  |TAMS 0x000000060e200000, 0x000000060e400000| Untracked 
| 107|0x000000060e400000, 0x000000060e600000, 0x000000060e600000|100%| O|  |TAMS 0x000000060e400000, 0x000000060e600000| Untracked 
| 108|0x000000060e600000, 0x000000060e800000, 0x000000060e800000|100%| O|  |TAMS 0x000000060e600000, 0x000000060e800000| Untracked 
| 109|0x000000060e800000, 0x000000060ea00000, 0x000000060ea00000|100%| O|  |TAMS 0x000000060e800000, 0x000000060ea00000| Untracked 
| 110|0x000000060ea00000, 0x000000060ec00000, 0x000000060ec00000|100%| O|  |TAMS 0x000000060ea00000, 0x000000060ec00000| Untracked 
| 111|0x000000060ec00000, 0x000000060ee00000, 0x000000060ee00000|100%| O|  |TAMS 0x000000060ec00000, 0x000000060ee00000| Untracked 
| 112|0x000000060ee00000, 0x000000060f000000, 0x000000060f000000|100%| O|  |TAMS 0x000000060ee00000, 0x000000060f000000| Untracked 
| 113|0x000000060f000000, 0x000000060f200000, 0x000000060f200000|100%| O|  |TAMS 0x000000060f000000, 0x000000060f200000| Untracked 
| 114|0x000000060f200000, 0x000000060f400000, 0x000000060f400000|100%| O|  |TAMS 0x000000060f200000, 0x000000060f400000| Untracked 
| 115|0x000000060f400000, 0x000000060f600000, 0x000000060f600000|100%| O|  |TAMS 0x000000060f400000, 0x000000060f600000| Untracked 
| 116|0x000000060f600000, 0x000000060f800000, 0x000000060f800000|100%| O|  |TAMS 0x000000060f600000, 0x000000060f800000| Untracked 
| 117|0x000000060f800000, 0x000000060fa00000, 0x000000060fa00000|100%| O|  |TAMS 0x000000060f800000, 0x000000060fa00000| Untracked 
| 118|0x000000060fa00000, 0x000000060fc00000, 0x000000060fc00000|100%| O|  |TAMS 0x000000060fa00000, 0x000000060fc00000| Untracked 
| 119|0x000000060fc00000, 0x000000060fe00000, 0x000000060fe00000|100%| O|  |TAMS 0x000000060fc00000, 0x000000060fe00000| Untracked 
| 120|0x000000060fe00000, 0x0000000610000000, 0x0000000610000000|100%| O|  |TAMS 0x000000060fe00000, 0x0000000610000000| Untracked 
| 121|0x0000000610000000, 0x0000000610200000, 0x0000000610200000|100%| O|  |TAMS 0x0000000610000000, 0x0000000610200000| Untracked 
| 122|0x0000000610200000, 0x0000000610400000, 0x0000000610400000|100%| O|  |TAMS 0x0000000610200000, 0x0000000610400000| Untracked 
| 123|0x0000000610400000, 0x0000000610600000, 0x0000000610600000|100%| O|  |TAMS 0x0000000610400000, 0x0000000610600000| Untracked 
| 124|0x0000000610600000, 0x0000000610800000, 0x0000000610800000|100%| O|  |TAMS 0x0000000610600000, 0x0000000610800000| Untracked 
| 125|0x0000000610800000, 0x0000000610a00000, 0x0000000610a00000|100%| O|  |TAMS 0x0000000610800000, 0x0000000610a00000| Untracked 
| 126|0x0000000610a00000, 0x0000000610c00000, 0x0000000610c00000|100%| O|  |TAMS 0x0000000610a00000, 0x0000000610c00000| Untracked 
| 127|0x0000000610c00000, 0x0000000610e00000, 0x0000000610e00000|100%| O|  |TAMS 0x0000000610c00000, 0x0000000610e00000| Untracked 
| 128|0x0000000610e00000, 0x0000000611000000, 0x0000000611000000|100%| O|  |TAMS 0x0000000610e00000, 0x0000000611000000| Untracked 
| 129|0x0000000611000000, 0x0000000611200000, 0x0000000611200000|100%| O|  |TAMS 0x0000000611000000, 0x0000000611200000| Untracked 
| 130|0x0000000611200000, 0x0000000611400000, 0x0000000611400000|100%| O|  |TAMS 0x0000000611200000, 0x0000000611400000| Untracked 
| 131|0x0000000611400000, 0x0000000611600000, 0x0000000611600000|100%| O|  |TAMS 0x0000000611400000, 0x0000000611600000| Untracked 
| 132|0x0000000611600000, 0x0000000611800000, 0x0000000611800000|100%| O|  |TAMS 0x0000000611600000, 0x0000000611800000| Untracked 
| 133|0x0000000611800000, 0x0000000611a00000, 0x0000000611a00000|100%| O|  |TAMS 0x0000000611800000, 0x0000000611a00000| Untracked 
| 134|0x0000000611a00000, 0x0000000611c00000, 0x0000000611c00000|100%| O|  |TAMS 0x0000000611a00000, 0x0000000611c00000| Untracked 
| 135|0x0000000611c00000, 0x0000000611e00000, 0x0000000611e00000|100%| O|  |TAMS 0x0000000611c00000, 0x0000000611e00000| Untracked 
| 136|0x0000000611e00000, 0x0000000612000000, 0x0000000612000000|100%| O|  |TAMS 0x0000000611e00000, 0x0000000612000000| Untracked 
| 137|0x0000000612000000, 0x0000000612200000, 0x0000000612200000|100%| O|  |TAMS 0x0000000612000000, 0x0000000612200000| Untracked 
| 138|0x0000000612200000, 0x0000000612400000, 0x0000000612400000|100%| O|  |TAMS 0x0000000612200000, 0x0000000612400000| Untracked 
| 139|0x0000000612400000, 0x0000000612600000, 0x0000000612600000|100%| O|  |TAMS 0x0000000612400000, 0x0000000612600000| Untracked 
| 140|0x0000000612600000, 0x0000000612800000, 0x0000000612800000|100%| O|  |TAMS 0x0000000612600000, 0x0000000612800000| Untracked 
| 141|0x0000000612800000, 0x0000000612a00000, 0x0000000612a00000|100%| O|  |TAMS 0x0000000612800000, 0x0000000612a00000| Untracked 
| 142|0x0000000612a00000, 0x0000000612c00000, 0x0000000612c00000|100%| O|  |TAMS 0x0000000612a00000, 0x0000000612c00000| Untracked 
| 143|0x0000000612c00000, 0x0000000612e00000, 0x0000000612e00000|100%| O|  |TAMS 0x0000000612c00000, 0x0000000612e00000| Untracked 
| 144|0x0000000612e00000, 0x0000000613000000, 0x0000000613000000|100%| O|  |TAMS 0x0000000612e00000, 0x0000000613000000| Untracked 
| 145|0x0000000613000000, 0x0000000613200000, 0x0000000613200000|100%| O|  |TAMS 0x0000000613000000, 0x0000000613200000| Untracked 
| 146|0x0000000613200000, 0x0000000613400000, 0x0000000613400000|100%| O|  |TAMS 0x0000000613200000, 0x0000000613400000| Untracked 
| 147|0x0000000613400000, 0x0000000613600000, 0x0000000613600000|100%| O|  |TAMS 0x0000000613400000, 0x0000000613600000| Untracked 
| 148|0x0000000613600000, 0x0000000613800000, 0x0000000613800000|100%| O|  |TAMS 0x0000000613600000, 0x0000000613800000| Untracked 
| 149|0x0000000613800000, 0x0000000613a00000, 0x0000000613a00000|100%| O|  |TAMS 0x0000000613800000, 0x0000000613a00000| Untracked 
| 150|0x0000000613a00000, 0x0000000613c00000, 0x0000000613c00000|100%| O|  |TAMS 0x0000000613a00000, 0x0000000613c00000| Untracked 
| 151|0x0000000613c00000, 0x0000000613e00000, 0x0000000613e00000|100%| O|  |TAMS 0x0000000613c00000, 0x0000000613e00000| Untracked 
| 152|0x0000000613e00000, 0x0000000614000000, 0x0000000614000000|100%| O|  |TAMS 0x0000000613e00000, 0x0000000614000000| Untracked 
| 153|0x0000000614000000, 0x0000000614200000, 0x0000000614200000|100%| O|  |TAMS 0x0000000614000000, 0x0000000614200000| Untracked 
| 154|0x0000000614200000, 0x0000000614400000, 0x0000000614400000|100%| O|  |TAMS 0x0000000614200000, 0x0000000614400000| Untracked 
| 155|0x0000000614400000, 0x0000000614600000, 0x0000000614600000|100%| O|  |TAMS 0x0000000614400000, 0x0000000614600000| Untracked 
| 156|0x0000000614600000, 0x0000000614800000, 0x0000000614800000|100%| O|  |TAMS 0x0000000614600000, 0x0000000614800000| Untracked 
| 157|0x0000000614800000, 0x0000000614a00000, 0x0000000614a00000|100%| O|  |TAMS 0x0000000614800000, 0x0000000614a00000| Untracked 
| 158|0x0000000614a00000, 0x0000000614c00000, 0x0000000614c00000|100%| O|  |TAMS 0x0000000614a00000, 0x0000000614c00000| Untracked 
| 159|0x0000000614c00000, 0x0000000614e00000, 0x0000000614e00000|100%| O|  |TAMS 0x0000000614c00000, 0x0000000614e00000| Untracked 
| 160|0x0000000614e00000, 0x0000000615000000, 0x0000000615000000|100%| O|  |TAMS 0x0000000614e00000, 0x0000000615000000| Untracked 
| 161|0x0000000615000000, 0x0000000615200000, 0x0000000615200000|100%| O|  |TAMS 0x0000000615000000, 0x0000000615200000| Untracked 
| 162|0x0000000615200000, 0x0000000615400000, 0x0000000615400000|100%| O|  |TAMS 0x0000000615200000, 0x0000000615400000| Untracked 
| 163|0x0000000615400000, 0x0000000615600000, 0x0000000615600000|100%| O|  |TAMS 0x0000000615400000, 0x0000000615600000| Untracked 
| 164|0x0000000615600000, 0x0000000615800000, 0x0000000615800000|100%| O|  |TAMS 0x0000000615600000, 0x0000000615800000| Untracked 
| 165|0x0000000615800000, 0x0000000615a00000, 0x0000000615a00000|100%| O|  |TAMS 0x0000000615800000, 0x0000000615a00000| Untracked 
| 166|0x0000000615a00000, 0x0000000615c00000, 0x0000000615c00000|100%| O|  |TAMS 0x0000000615a00000, 0x0000000615c00000| Untracked 
| 167|0x0000000615c00000, 0x0000000615e00000, 0x0000000615e00000|100%| O|  |TAMS 0x0000000615c00000, 0x0000000615e00000| Untracked 
| 168|0x0000000615e00000, 0x0000000616000000, 0x0000000616000000|100%| O|  |TAMS 0x0000000615e00000, 0x0000000616000000| Untracked 
| 169|0x0000000616000000, 0x0000000616200000, 0x0000000616200000|100%| O|  |TAMS 0x0000000616000000, 0x0000000616200000| Untracked 
| 170|0x0000000616200000, 0x0000000616400000, 0x0000000616400000|100%| O|  |TAMS 0x0000000616200000, 0x0000000616400000| Untracked 
| 171|0x0000000616400000, 0x0000000616600000, 0x0000000616600000|100%| O|  |TAMS 0x0000000616400000, 0x0000000616600000| Untracked 
| 172|0x0000000616600000, 0x0000000616800000, 0x0000000616800000|100%| O|  |TAMS 0x0000000616600000, 0x0000000616800000| Untracked 
| 173|0x0000000616800000, 0x0000000616a00000, 0x0000000616a00000|100%| O|  |TAMS 0x0000000616800000, 0x0000000616a00000| Untracked 
| 174|0x0000000616a00000, 0x0000000616c00000, 0x0000000616c00000|100%| O|  |TAMS 0x0000000616a00000, 0x0000000616c00000| Untracked 
| 175|0x0000000616c00000, 0x0000000616e00000, 0x0000000616e00000|100%| O|  |TAMS 0x0000000616c00000, 0x0000000616e00000| Untracked 
| 176|0x0000000616e00000, 0x0000000617000000, 0x0000000617000000|100%| O|  |TAMS 0x0000000616e00000, 0x0000000617000000| Untracked 
| 177|0x0000000617000000, 0x0000000617200000, 0x0000000617200000|100%| O|  |TAMS 0x0000000617000000, 0x0000000617200000| Untracked 
| 178|0x0000000617200000, 0x0000000617400000, 0x0000000617400000|100%| O|  |TAMS 0x0000000617200000, 0x0000000617400000| Untracked 
| 179|0x0000000617400000, 0x0000000617600000, 0x0000000617600000|100%| O|  |TAMS 0x0000000617400000, 0x0000000617600000| Untracked 
| 180|0x0000000617600000, 0x0000000617800000, 0x0000000617800000|100%| O|  |TAMS 0x0000000617600000, 0x0000000617800000| Untracked 
| 181|0x0000000617800000, 0x0000000617a00000, 0x0000000617a00000|100%| O|  |TAMS 0x0000000617800000, 0x0000000617a00000| Untracked 
| 182|0x0000000617a00000, 0x0000000617c00000, 0x0000000617c00000|100%| O|  |TAMS 0x0000000617a00000, 0x0000000617c00000| Untracked 
| 183|0x0000000617c00000, 0x0000000617e00000, 0x0000000617e00000|100%| O|  |TAMS 0x0000000617c00000, 0x0000000617e00000| Untracked 
| 184|0x0000000617e00000, 0x0000000618000000, 0x0000000618000000|100%| O|  |TAMS 0x0000000617e00000, 0x0000000618000000| Untracked 
| 185|0x0000000618000000, 0x0000000618200000, 0x0000000618200000|100%| O|  |TAMS 0x0000000618000000, 0x0000000618200000| Untracked 
| 186|0x0000000618200000, 0x0000000618400000, 0x0000000618400000|100%| O|  |TAMS 0x0000000618200000, 0x0000000618400000| Untracked 
| 187|0x0000000618400000, 0x0000000618600000, 0x0000000618600000|100%| O|  |TAMS 0x0000000618400000, 0x0000000618600000| Untracked 
| 188|0x0000000618600000, 0x0000000618800000, 0x0000000618800000|100%| O|  |TAMS 0x0000000618600000, 0x0000000618800000| Untracked 
| 189|0x0000000618800000, 0x0000000618a00000, 0x0000000618a00000|100%| O|  |TAMS 0x0000000618800000, 0x0000000618a00000| Untracked 
| 190|0x0000000618a00000, 0x0000000618c00000, 0x0000000618c00000|100%| O|  |TAMS 0x0000000618a00000, 0x0000000618c00000| Untracked 
| 191|0x0000000618c00000, 0x0000000618e00000, 0x0000000618e00000|100%| O|  |TAMS 0x0000000618c00000, 0x0000000618e00000| Untracked 
| 192|0x0000000618e00000, 0x0000000619000000, 0x0000000619000000|100%| O|  |TAMS 0x0000000618e00000, 0x0000000619000000| Untracked 
| 193|0x0000000619000000, 0x0000000619200000, 0x0000000619200000|100%| O|  |TAMS 0x0000000619000000, 0x0000000619200000| Untracked 
| 194|0x0000000619200000, 0x0000000619400000, 0x0000000619400000|100%| O|  |TAMS 0x0000000619200000, 0x0000000619400000| Untracked 
| 195|0x0000000619400000, 0x0000000619600000, 0x0000000619600000|100%| O|  |TAMS 0x0000000619400000, 0x0000000619600000| Untracked 
| 196|0x0000000619600000, 0x0000000619800000, 0x0000000619800000|100%| O|  |TAMS 0x0000000619600000, 0x0000000619800000| Untracked 
| 197|0x0000000619800000, 0x0000000619a00000, 0x0000000619a00000|100%| O|  |TAMS 0x0000000619800000, 0x0000000619a00000| Untracked 
| 198|0x0000000619a00000, 0x0000000619c00000, 0x0000000619c00000|100%| O|  |TAMS 0x0000000619a00000, 0x0000000619c00000| Untracked 
| 199|0x0000000619c00000, 0x0000000619e00000, 0x0000000619e00000|100%| O|  |TAMS 0x0000000619c00000, 0x0000000619e00000| Untracked 
| 200|0x0000000619e00000, 0x000000061a000000, 0x000000061a000000|100%| O|  |TAMS 0x0000000619e00000, 0x000000061a000000| Untracked 
| 201|0x000000061a000000, 0x000000061a200000, 0x000000061a200000|100%| O|  |TAMS 0x000000061a000000, 0x000000061a200000| Untracked 
| 202|0x000000061a200000, 0x000000061a400000, 0x000000061a400000|100%| O|  |TAMS 0x000000061a200000, 0x000000061a400000| Untracked 
| 203|0x000000061a400000, 0x000000061a600000, 0x000000061a600000|100%| O|  |TAMS 0x000000061a400000, 0x000000061a600000| Untracked 
| 204|0x000000061a600000, 0x000000061a800000, 0x000000061a800000|100%| O|  |TAMS 0x000000061a600000, 0x000000061a800000| Untracked 
| 205|0x000000061a800000, 0x000000061aa00000, 0x000000061aa00000|100%| O|  |TAMS 0x000000061a800000, 0x000000061aa00000| Untracked 
| 206|0x000000061aa00000, 0x000000061ac00000, 0x000000061ac00000|100%| O|  |TAMS 0x000000061aa00000, 0x000000061ac00000| Untracked 
| 207|0x000000061ac00000, 0x000000061ae00000, 0x000000061ae00000|100%| O|  |TAMS 0x000000061ac00000, 0x000000061ae00000| Untracked 
| 208|0x000000061ae00000, 0x000000061b000000, 0x000000061b000000|100%| O|  |TAMS 0x000000061ae00000, 0x000000061b000000| Untracked 
| 209|0x000000061b000000, 0x000000061b200000, 0x000000061b200000|100%| O|  |TAMS 0x000000061b000000, 0x000000061b200000| Untracked 
| 210|0x000000061b200000, 0x000000061b400000, 0x000000061b400000|100%| O|  |TAMS 0x000000061b200000, 0x000000061b400000| Untracked 
| 211|0x000000061b400000, 0x000000061b600000, 0x000000061b600000|100%| O|  |TAMS 0x000000061b400000, 0x000000061b600000| Untracked 
| 212|0x000000061b600000, 0x000000061b800000, 0x000000061b800000|100%| O|  |TAMS 0x000000061b600000, 0x000000061b800000| Untracked 
| 213|0x000000061b800000, 0x000000061ba00000, 0x000000061ba00000|100%| O|  |TAMS 0x000000061b800000, 0x000000061ba00000| Untracked 
| 214|0x000000061ba00000, 0x000000061bc00000, 0x000000061bc00000|100%| O|  |TAMS 0x000000061ba00000, 0x000000061bc00000| Untracked 
| 215|0x000000061bc00000, 0x000000061be00000, 0x000000061be00000|100%| O|  |TAMS 0x000000061bc00000, 0x000000061be00000| Untracked 
| 216|0x000000061be00000, 0x000000061c000000, 0x000000061c000000|100%| O|  |TAMS 0x000000061be00000, 0x000000061c000000| Untracked 
| 217|0x000000061c000000, 0x000000061c200000, 0x000000061c200000|100%| O|  |TAMS 0x000000061c000000, 0x000000061c200000| Untracked 
| 218|0x000000061c200000, 0x000000061c400000, 0x000000061c400000|100%| O|  |TAMS 0x000000061c200000, 0x000000061c400000| Untracked 
| 219|0x000000061c400000, 0x000000061c600000, 0x000000061c600000|100%| O|  |TAMS 0x000000061c400000, 0x000000061c600000| Untracked 
| 220|0x000000061c600000, 0x000000061c800000, 0x000000061c800000|100%| O|  |TAMS 0x000000061c600000, 0x000000061c800000| Untracked 
| 221|0x000000061c800000, 0x000000061ca00000, 0x000000061ca00000|100%| O|  |TAMS 0x000000061c800000, 0x000000061ca00000| Untracked 
| 222|0x000000061ca00000, 0x000000061cc00000, 0x000000061cc00000|100%| O|  |TAMS 0x000000061ca00000, 0x000000061cc00000| Untracked 
| 223|0x000000061cc00000, 0x000000061ce00000, 0x000000061ce00000|100%| O|  |TAMS 0x000000061cc00000, 0x000000061ce00000| Untracked 
| 224|0x000000061ce00000, 0x000000061d000000, 0x000000061d000000|100%| O|  |TAMS 0x000000061ce00000, 0x000000061d000000| Untracked 
| 225|0x000000061d000000, 0x000000061d200000, 0x000000061d200000|100%| O|  |TAMS 0x000000061d000000, 0x000000061d200000| Untracked 
| 226|0x000000061d200000, 0x000000061d400000, 0x000000061d400000|100%| O|  |TAMS 0x000000061d200000, 0x000000061d400000| Untracked 
| 227|0x000000061d400000, 0x000000061d600000, 0x000000061d600000|100%| O|  |TAMS 0x000000061d400000, 0x000000061d600000| Untracked 
| 228|0x000000061d600000, 0x000000061d800000, 0x000000061d800000|100%| O|  |TAMS 0x000000061d600000, 0x000000061d800000| Untracked 
| 229|0x000000061d800000, 0x000000061da00000, 0x000000061da00000|100%| O|  |TAMS 0x000000061d800000, 0x000000061da00000| Untracked 
| 230|0x000000061da00000, 0x000000061dc00000, 0x000000061dc00000|100%| O|  |TAMS 0x000000061da00000, 0x000000061dc00000| Untracked 
| 231|0x000000061dc00000, 0x000000061de00000, 0x000000061de00000|100%| O|  |TAMS 0x000000061dc00000, 0x000000061de00000| Untracked 
| 232|0x000000061de00000, 0x000000061e000000, 0x000000061e000000|100%| O|  |TAMS 0x000000061de00000, 0x000000061e000000| Untracked 
| 233|0x000000061e000000, 0x000000061e200000, 0x000000061e200000|100%| O|  |TAMS 0x000000061e000000, 0x000000061e200000| Untracked 
| 234|0x000000061e200000, 0x000000061e400000, 0x000000061e400000|100%| O|  |TAMS 0x000000061e200000, 0x000000061e400000| Untracked 
| 235|0x000000061e400000, 0x000000061e600000, 0x000000061e600000|100%| O|  |TAMS 0x000000061e400000, 0x000000061e600000| Untracked 
| 236|0x000000061e600000, 0x000000061e800000, 0x000000061e800000|100%| O|  |TAMS 0x000000061e600000, 0x000000061e800000| Untracked 
| 237|0x000000061e800000, 0x000000061ea00000, 0x000000061ea00000|100%| O|  |TAMS 0x000000061e800000, 0x000000061ea00000| Untracked 
| 238|0x000000061ea00000, 0x000000061ec00000, 0x000000061ec00000|100%| O|  |TAMS 0x000000061ea00000, 0x000000061ec00000| Untracked 
| 239|0x000000061ec00000, 0x000000061ee00000, 0x000000061ee00000|100%| O|  |TAMS 0x000000061ec00000, 0x000000061ee00000| Untracked 
| 240|0x000000061ee00000, 0x000000061f000000, 0x000000061f000000|100%| O|  |TAMS 0x000000061ee00000, 0x000000061f000000| Untracked 
| 241|0x000000061f000000, 0x000000061f200000, 0x000000061f200000|100%| O|  |TAMS 0x000000061f000000, 0x000000061f200000| Untracked 
| 242|0x000000061f200000, 0x000000061f400000, 0x000000061f400000|100%| O|  |TAMS 0x000000061f200000, 0x000000061f400000| Untracked 
| 243|0x000000061f400000, 0x000000061f600000, 0x000000061f600000|100%| O|  |TAMS 0x000000061f400000, 0x000000061f600000| Untracked 
| 244|0x000000061f600000, 0x000000061f800000, 0x000000061f800000|100%| O|  |TAMS 0x000000061f600000, 0x000000061f800000| Untracked 
| 245|0x000000061f800000, 0x000000061fa00000, 0x000000061fa00000|100%| O|  |TAMS 0x000000061f800000, 0x000000061fa00000| Untracked 
| 246|0x000000061fa00000, 0x000000061fc00000, 0x000000061fc00000|100%| O|  |TAMS 0x000000061fa00000, 0x000000061fc00000| Untracked 
| 247|0x000000061fc00000, 0x000000061fe00000, 0x000000061fe00000|100%| O|  |TAMS 0x000000061fc00000, 0x000000061fe00000| Untracked 
| 248|0x000000061fe00000, 0x0000000620000000, 0x0000000620000000|100%| O|  |TAMS 0x000000061fe00000, 0x0000000620000000| Untracked 
| 249|0x0000000620000000, 0x0000000620200000, 0x0000000620200000|100%| O|  |TAMS 0x0000000620000000, 0x0000000620200000| Untracked 
| 250|0x0000000620200000, 0x0000000620400000, 0x0000000620400000|100%| O|  |TAMS 0x0000000620200000, 0x0000000620400000| Untracked 
| 251|0x0000000620400000, 0x0000000620600000, 0x0000000620600000|100%| O|  |TAMS 0x0000000620400000, 0x0000000620600000| Untracked 
| 252|0x0000000620600000, 0x0000000620800000, 0x0000000620800000|100%| O|  |TAMS 0x0000000620600000, 0x0000000620800000| Untracked 
| 253|0x0000000620800000, 0x0000000620a00000, 0x0000000620a00000|100%| O|  |TAMS 0x0000000620800000, 0x0000000620a00000| Untracked 
| 254|0x0000000620a00000, 0x0000000620c00000, 0x0000000620c00000|100%| O|  |TAMS 0x0000000620a00000, 0x0000000620c00000| Untracked 
| 255|0x0000000620c00000, 0x0000000620e00000, 0x0000000620e00000|100%| O|  |TAMS 0x0000000620c00000, 0x0000000620e00000| Untracked 
| 256|0x0000000620e00000, 0x0000000621000000, 0x0000000621000000|100%| O|  |TAMS 0x0000000620e00000, 0x0000000621000000| Untracked 
| 257|0x0000000621000000, 0x0000000621200000, 0x0000000621200000|100%| O|  |TAMS 0x0000000621000000, 0x0000000621200000| Untracked 
| 258|0x0000000621200000, 0x0000000621400000, 0x0000000621400000|100%| O|  |TAMS 0x0000000621200000, 0x0000000621200000| Untracked 
| 259|0x0000000621400000, 0x0000000621600000, 0x0000000621600000|100%| O|  |TAMS 0x0000000621400000, 0x0000000621400000| Untracked 
| 260|0x0000000621600000, 0x0000000621800000, 0x0000000621800000|100%| O|  |TAMS 0x0000000621600000, 0x0000000621600000| Untracked 
| 261|0x0000000621800000, 0x0000000621a00000, 0x0000000621a00000|100%| O|  |TAMS 0x0000000621800000, 0x0000000621800000| Untracked 
| 262|0x0000000621a00000, 0x0000000621c00000, 0x0000000621c00000|100%| O|  |TAMS 0x0000000621a00000, 0x0000000621a00000| Untracked 
| 263|0x0000000621c00000, 0x0000000621e00000, 0x0000000621e00000|100%| O|  |TAMS 0x0000000621c00000, 0x0000000621c00000| Untracked 
| 264|0x0000000621e00000, 0x0000000622000000, 0x0000000622000000|100%| O|  |TAMS 0x0000000621e00000, 0x0000000621e00000| Untracked 
| 265|0x0000000622000000, 0x0000000622200000, 0x0000000622200000|100%| O|  |TAMS 0x0000000622000000, 0x0000000622000000| Untracked 
| 266|0x0000000622200000, 0x0000000622400000, 0x0000000622400000|100%| O|  |TAMS 0x0000000622200000, 0x0000000622200000| Untracked 
| 267|0x0000000622400000, 0x0000000622600000, 0x0000000622600000|100%| O|  |TAMS 0x0000000622400000, 0x0000000622400000| Untracked 
| 268|0x0000000622600000, 0x0000000622800000, 0x0000000622800000|100%| O|  |TAMS 0x0000000622600000, 0x0000000622600000| Untracked 
| 269|0x0000000622800000, 0x0000000622a00000, 0x0000000622a00000|100%| O|  |TAMS 0x0000000622800000, 0x0000000622800000| Untracked 
| 270|0x0000000622a00000, 0x0000000622c00000, 0x0000000622c00000|100%| O|  |TAMS 0x0000000622a00000, 0x0000000622a00000| Untracked 
| 271|0x0000000622c00000, 0x0000000622e00000, 0x0000000622e00000|100%| O|  |TAMS 0x0000000622c00000, 0x0000000622c00000| Untracked 
| 272|0x0000000622e00000, 0x0000000623000000, 0x0000000623000000|100%| O|  |TAMS 0x0000000622e00000, 0x0000000622e00000| Untracked 
| 273|0x0000000623000000, 0x0000000623200000, 0x0000000623200000|100%| O|  |TAMS 0x0000000623000000, 0x0000000623000000| Untracked 
| 274|0x0000000623200000, 0x0000000623400000, 0x0000000623400000|100%| O|  |TAMS 0x0000000623200000, 0x0000000623200000| Untracked 
| 275|0x0000000623400000, 0x0000000623600000, 0x0000000623600000|100%| O|  |TAMS 0x0000000623400000, 0x0000000623400000| Untracked 
| 276|0x0000000623600000, 0x0000000623800000, 0x0000000623800000|100%| O|  |TAMS 0x0000000623600000, 0x0000000623600000| Untracked 
| 277|0x0000000623800000, 0x0000000623a00000, 0x0000000623a00000|100%| O|  |TAMS 0x0000000623800000, 0x0000000623800000| Untracked 
| 278|0x0000000623a00000, 0x0000000623c00000, 0x0000000623c00000|100%| O|  |TAMS 0x0000000623a00000, 0x0000000623a00000| Untracked 
| 279|0x0000000623c00000, 0x0000000623e00000, 0x0000000623e00000|100%| O|  |TAMS 0x0000000623c00000, 0x0000000623c00000| Untracked 
| 280|0x0000000623e00000, 0x0000000624000000, 0x0000000624000000|100%| O|  |TAMS 0x0000000623e00000, 0x0000000623e00000| Untracked 
| 281|0x0000000624000000, 0x0000000624200000, 0x0000000624200000|100%| O|  |TAMS 0x0000000624000000, 0x0000000624000000| Untracked 
| 282|0x0000000624200000, 0x0000000624400000, 0x0000000624400000|100%| O|  |TAMS 0x0000000624200000, 0x0000000624200000| Untracked 
| 283|0x0000000624400000, 0x0000000624600000, 0x0000000624600000|100%| O|  |TAMS 0x0000000624400000, 0x0000000624400000| Untracked 
| 284|0x0000000624600000, 0x0000000624800000, 0x0000000624800000|100%| O|  |TAMS 0x0000000624600000, 0x0000000624600000| Untracked 
| 285|0x0000000624800000, 0x0000000624a00000, 0x0000000624a00000|100%| O|  |TAMS 0x0000000624800000, 0x0000000624800000| Untracked 
| 286|0x0000000624a00000, 0x0000000624c00000, 0x0000000624c00000|100%| O|  |TAMS 0x0000000624a00000, 0x0000000624a00000| Untracked 
| 287|0x0000000624c00000, 0x0000000624e00000, 0x0000000624e00000|100%| O|  |TAMS 0x0000000624c00000, 0x0000000624c00000| Untracked 
| 288|0x0000000624e00000, 0x0000000625000000, 0x0000000625000000|100%| O|  |TAMS 0x0000000624e00000, 0x0000000624e00000| Untracked 
| 289|0x0000000625000000, 0x0000000625200000, 0x0000000625200000|100%| O|  |TAMS 0x0000000625000000, 0x0000000625000000| Untracked 
| 290|0x0000000625200000, 0x0000000625400000, 0x0000000625400000|100%| O|  |TAMS 0x0000000625200000, 0x0000000625200000| Untracked 
| 291|0x0000000625400000, 0x0000000625600000, 0x0000000625600000|100%| O|  |TAMS 0x0000000625400000, 0x0000000625400000| Untracked 
| 292|0x0000000625600000, 0x0000000625800000, 0x0000000625800000|100%| O|  |TAMS 0x0000000625600000, 0x0000000625600000| Untracked 
| 293|0x0000000625800000, 0x0000000625a00000, 0x0000000625a00000|100%| O|  |TAMS 0x0000000625800000, 0x0000000625800000| Untracked 
| 294|0x0000000625a00000, 0x0000000625c00000, 0x0000000625c00000|100%| O|  |TAMS 0x0000000625a00000, 0x0000000625a00000| Untracked 
| 295|0x0000000625c00000, 0x0000000625c00000, 0x0000000625e00000|  0%| F|  |TAMS 0x0000000625c00000, 0x0000000625c00000| Untracked 
| 296|0x0000000625e00000, 0x0000000625e00000, 0x0000000626000000|  0%| F|  |TAMS 0x0000000625e00000, 0x0000000625e00000| Untracked 
| 297|0x0000000626000000, 0x0000000626000000, 0x0000000626200000|  0%| F|  |TAMS 0x0000000626000000, 0x0000000626000000| Untracked 
| 298|0x0000000626200000, 0x0000000626200000, 0x0000000626400000|  0%| F|  |TAMS 0x0000000626200000, 0x0000000626200000| Untracked 
| 299|0x0000000626400000, 0x0000000626400000, 0x0000000626600000|  0%| F|  |TAMS 0x0000000626400000, 0x0000000626400000| Untracked 
| 300|0x0000000626600000, 0x0000000626600000, 0x0000000626800000|  0%| F|  |TAMS 0x0000000626600000, 0x0000000626600000| Untracked 
| 301|0x0000000626800000, 0x0000000626800000, 0x0000000626a00000|  0%| F|  |TAMS 0x0000000626800000, 0x0000000626800000| Untracked 
| 302|0x0000000626a00000, 0x0000000626a00000, 0x0000000626c00000|  0%| F|  |TAMS 0x0000000626a00000, 0x0000000626a00000| Untracked 
| 303|0x0000000626c00000, 0x0000000626c00000, 0x0000000626e00000|  0%| F|  |TAMS 0x0000000626c00000, 0x0000000626c00000| Untracked 
| 304|0x0000000626e00000, 0x0000000626e00000, 0x0000000627000000|  0%| F|  |TAMS 0x0000000626e00000, 0x0000000626e00000| Untracked 
| 305|0x0000000627000000, 0x0000000627000000, 0x0000000627200000|  0%| F|  |TAMS 0x0000000627000000, 0x0000000627000000| Untracked 
| 306|0x0000000627200000, 0x0000000627200000, 0x0000000627400000|  0%| F|  |TAMS 0x0000000627200000, 0x0000000627200000| Untracked 
| 307|0x0000000627400000, 0x0000000627400000, 0x0000000627600000|  0%| F|  |TAMS 0x0000000627400000, 0x0000000627400000| Untracked 
| 308|0x0000000627600000, 0x0000000627600000, 0x0000000627800000|  0%| F|  |TAMS 0x0000000627600000, 0x0000000627600000| Untracked 
| 309|0x0000000627800000, 0x0000000627800000, 0x0000000627a00000|  0%| F|  |TAMS 0x0000000627800000, 0x0000000627800000| Untracked 
| 310|0x0000000627a00000, 0x0000000627a00000, 0x0000000627c00000|  0%| F|  |TAMS 0x0000000627a00000, 0x0000000627a00000| Untracked 
| 311|0x0000000627c00000, 0x0000000627c00000, 0x0000000627e00000|  0%| F|  |TAMS 0x0000000627c00000, 0x0000000627c00000| Untracked 
| 312|0x0000000627e00000, 0x0000000627e00000, 0x0000000628000000|  0%| F|  |TAMS 0x0000000627e00000, 0x0000000627e00000| Untracked 
| 313|0x0000000628000000, 0x0000000628000000, 0x0000000628200000|  0%| F|  |TAMS 0x0000000628000000, 0x0000000628000000| Untracked 
| 314|0x0000000628200000, 0x0000000628200000, 0x0000000628400000|  0%| F|  |TAMS 0x0000000628200000, 0x0000000628200000| Untracked 
| 315|0x0000000628400000, 0x0000000628400000, 0x0000000628600000|  0%| F|  |TAMS 0x0000000628400000, 0x0000000628400000| Untracked 
| 316|0x0000000628600000, 0x0000000628600000, 0x0000000628800000|  0%| F|  |TAMS 0x0000000628600000, 0x0000000628600000| Untracked 
| 317|0x0000000628800000, 0x0000000628800000, 0x0000000628a00000|  0%| F|  |TAMS 0x0000000628800000, 0x0000000628800000| Untracked 
| 318|0x0000000628a00000, 0x0000000628a00000, 0x0000000628c00000|  0%| F|  |TAMS 0x0000000628a00000, 0x0000000628a00000| Untracked 
| 319|0x0000000628c00000, 0x0000000628c00000, 0x0000000628e00000|  0%| F|  |TAMS 0x0000000628c00000, 0x0000000628c00000| Untracked 
| 320|0x0000000628e00000, 0x0000000628e00000, 0x0000000629000000|  0%| F|  |TAMS 0x0000000628e00000, 0x0000000628e00000| Untracked 
| 321|0x0000000629000000, 0x0000000629000000, 0x0000000629200000|  0%| F|  |TAMS 0x0000000629000000, 0x0000000629000000| Untracked 
| 322|0x0000000629200000, 0x0000000629200000, 0x0000000629400000|  0%| F|  |TAMS 0x0000000629200000, 0x0000000629200000| Untracked 
| 323|0x0000000629400000, 0x0000000629400000, 0x0000000629600000|  0%| F|  |TAMS 0x0000000629400000, 0x0000000629400000| Untracked 
| 324|0x0000000629600000, 0x0000000629600000, 0x0000000629800000|  0%| F|  |TAMS 0x0000000629600000, 0x0000000629600000| Untracked 
| 325|0x0000000629800000, 0x0000000629800000, 0x0000000629a00000|  0%| F|  |TAMS 0x0000000629800000, 0x0000000629800000| Untracked 
| 326|0x0000000629a00000, 0x0000000629a00000, 0x0000000629c00000|  0%| F|  |TAMS 0x0000000629a00000, 0x0000000629a00000| Untracked 
| 327|0x0000000629c00000, 0x0000000629c00000, 0x0000000629e00000|  0%| F|  |TAMS 0x0000000629c00000, 0x0000000629c00000| Untracked 
| 328|0x0000000629e00000, 0x0000000629e00000, 0x000000062a000000|  0%| F|  |TAMS 0x0000000629e00000, 0x0000000629e00000| Untracked 
| 329|0x000000062a000000, 0x000000062a000000, 0x000000062a200000|  0%| F|  |TAMS 0x000000062a000000, 0x000000062a000000| Untracked 
| 330|0x000000062a200000, 0x000000062a200000, 0x000000062a400000|  0%| F|  |TAMS 0x000000062a200000, 0x000000062a200000| Untracked 
| 331|0x000000062a400000, 0x000000062a400000, 0x000000062a600000|  0%| F|  |TAMS 0x000000062a400000, 0x000000062a400000| Untracked 
| 332|0x000000062a600000, 0x000000062a600000, 0x000000062a800000|  0%| F|  |TAMS 0x000000062a600000, 0x000000062a600000| Untracked 
| 333|0x000000062a800000, 0x000000062a800000, 0x000000062aa00000|  0%| F|  |TAMS 0x000000062a800000, 0x000000062a800000| Untracked 
| 334|0x000000062aa00000, 0x000000062aa00000, 0x000000062ac00000|  0%| F|  |TAMS 0x000000062aa00000, 0x000000062aa00000| Untracked 
| 335|0x000000062ac00000, 0x000000062ac00000, 0x000000062ae00000|  0%| F|  |TAMS 0x000000062ac00000, 0x000000062ac00000| Untracked 
| 336|0x000000062ae00000, 0x000000062ae00000, 0x000000062b000000|  0%| F|  |TAMS 0x000000062ae00000, 0x000000062ae00000| Untracked 
| 337|0x000000062b000000, 0x000000062b000000, 0x000000062b200000|  0%| F|  |TAMS 0x000000062b000000, 0x000000062b000000| Untracked 
| 338|0x000000062b200000, 0x000000062b200000, 0x000000062b400000|  0%| F|  |TAMS 0x000000062b200000, 0x000000062b200000| Untracked 
| 339|0x000000062b400000, 0x000000062b400000, 0x000000062b600000|  0%| F|  |TAMS 0x000000062b400000, 0x000000062b400000| Untracked 
| 340|0x000000062b600000, 0x000000062b600000, 0x000000062b800000|  0%| F|  |TAMS 0x000000062b600000, 0x000000062b600000| Untracked 
| 341|0x000000062b800000, 0x000000062b800000, 0x000000062ba00000|  0%| F|  |TAMS 0x000000062b800000, 0x000000062b800000| Untracked 
| 342|0x000000062ba00000, 0x000000062bc00000, 0x000000062bc00000|100%| O|  |TAMS 0x000000062ba00000, 0x000000062bc00000| Untracked 
| 343|0x000000062bc00000, 0x000000062be00000, 0x000000062be00000|100%| O|  |TAMS 0x000000062bc00000, 0x000000062be00000| Untracked 
| 344|0x000000062be00000, 0x000000062c000000, 0x000000062c000000|100%| O|  |TAMS 0x000000062be00000, 0x000000062c000000| Untracked 
| 345|0x000000062c000000, 0x000000062c200000, 0x000000062c200000|100%| O|  |TAMS 0x000000062c000000, 0x000000062c200000| Untracked 
| 346|0x000000062c200000, 0x000000062c400000, 0x000000062c400000|100%| O|  |TAMS 0x000000062c200000, 0x000000062c400000| Untracked 
| 347|0x000000062c400000, 0x000000062c600000, 0x000000062c600000|100%| O|  |TAMS 0x000000062c400000, 0x000000062c600000| Untracked 
| 348|0x000000062c600000, 0x000000062c800000, 0x000000062c800000|100%| O|  |TAMS 0x000000062c600000, 0x000000062c800000| Untracked 
| 349|0x000000062c800000, 0x000000062ca00000, 0x000000062ca00000|100%| O|  |TAMS 0x000000062c800000, 0x000000062ca00000| Untracked 
| 350|0x000000062ca00000, 0x000000062cc00000, 0x000000062cc00000|100%| O|  |TAMS 0x000000062ca00000, 0x000000062cc00000| Untracked 
| 351|0x000000062cc00000, 0x000000062ce00000, 0x000000062ce00000|100%| O|  |TAMS 0x000000062cc00000, 0x000000062ce00000| Untracked 
| 352|0x000000062ce00000, 0x000000062d000000, 0x000000062d000000|100%| O|  |TAMS 0x000000062ce00000, 0x000000062d000000| Untracked 
| 353|0x000000062d000000, 0x000000062d200000, 0x000000062d200000|100%| O|  |TAMS 0x000000062d000000, 0x000000062d200000| Untracked 
| 354|0x000000062d200000, 0x000000062d400000, 0x000000062d400000|100%| O|  |TAMS 0x000000062d200000, 0x000000062d400000| Untracked 
| 355|0x000000062d400000, 0x000000062d600000, 0x000000062d600000|100%| O|  |TAMS 0x000000062d400000, 0x000000062d600000| Untracked 
| 356|0x000000062d600000, 0x000000062d800000, 0x000000062d800000|100%| O|  |TAMS 0x000000062d600000, 0x000000062d800000| Untracked 
| 357|0x000000062d800000, 0x000000062da00000, 0x000000062da00000|100%| O|  |TAMS 0x000000062d800000, 0x000000062da00000| Untracked 
| 358|0x000000062da00000, 0x000000062dc00000, 0x000000062dc00000|100%| O|  |TAMS 0x000000062da00000, 0x000000062dc00000| Untracked 
| 359|0x000000062dc00000, 0x000000062de00000, 0x000000062de00000|100%| O|  |TAMS 0x000000062dc00000, 0x000000062de00000| Untracked 
| 360|0x000000062de00000, 0x000000062e000000, 0x000000062e000000|100%| O|  |TAMS 0x000000062de00000, 0x000000062e000000| Untracked 
| 361|0x000000062e000000, 0x000000062e200000, 0x000000062e200000|100%| O|  |TAMS 0x000000062e000000, 0x000000062e200000| Untracked 
| 362|0x000000062e200000, 0x000000062e400000, 0x000000062e400000|100%| O|  |TAMS 0x000000062e200000, 0x000000062e400000| Untracked 
| 363|0x000000062e400000, 0x000000062e600000, 0x000000062e600000|100%| O|  |TAMS 0x000000062e400000, 0x000000062e600000| Untracked 
| 364|0x000000062e600000, 0x000000062e800000, 0x000000062e800000|100%| O|  |TAMS 0x000000062e600000, 0x000000062e800000| Untracked 
| 365|0x000000062e800000, 0x000000062ea00000, 0x000000062ea00000|100%| O|  |TAMS 0x000000062e800000, 0x000000062ea00000| Untracked 
| 366|0x000000062ea00000, 0x000000062ec00000, 0x000000062ec00000|100%| O|  |TAMS 0x000000062ea00000, 0x000000062ec00000| Untracked 
| 367|0x000000062ec00000, 0x000000062ee00000, 0x000000062ee00000|100%| O|  |TAMS 0x000000062ec00000, 0x000000062ee00000| Untracked 
| 368|0x000000062ee00000, 0x000000062f000000, 0x000000062f000000|100%| O|  |TAMS 0x000000062ee00000, 0x000000062f000000| Untracked 
| 369|0x000000062f000000, 0x000000062f200000, 0x000000062f200000|100%| O|  |TAMS 0x000000062f000000, 0x000000062f200000| Untracked 
| 370|0x000000062f200000, 0x000000062f400000, 0x000000062f400000|100%| O|  |TAMS 0x000000062f200000, 0x000000062f400000| Untracked 
| 371|0x000000062f400000, 0x000000062f600000, 0x000000062f600000|100%| O|  |TAMS 0x000000062f400000, 0x000000062f600000| Untracked 
| 372|0x000000062f600000, 0x000000062f800000, 0x000000062f800000|100%| O|  |TAMS 0x000000062f600000, 0x000000062f800000| Untracked 
| 373|0x000000062f800000, 0x000000062fa00000, 0x000000062fa00000|100%| O|  |TAMS 0x000000062f800000, 0x000000062fa00000| Untracked 
| 374|0x000000062fa00000, 0x000000062fc00000, 0x000000062fc00000|100%| O|  |TAMS 0x000000062fa00000, 0x000000062fc00000| Untracked 
| 375|0x000000062fc00000, 0x000000062fe00000, 0x000000062fe00000|100%| O|  |TAMS 0x000000062fc00000, 0x000000062fe00000| Untracked 
| 376|0x000000062fe00000, 0x0000000630000000, 0x0000000630000000|100%| O|  |TAMS 0x000000062fe00000, 0x0000000630000000| Untracked 
| 377|0x0000000630000000, 0x0000000630000000, 0x0000000630200000|  0%| F|  |TAMS 0x0000000630000000, 0x0000000630000000| Untracked 
| 378|0x0000000630200000, 0x0000000630200000, 0x0000000630400000|  0%| F|  |TAMS 0x0000000630200000, 0x0000000630200000| Untracked 
| 379|0x0000000630400000, 0x0000000630400000, 0x0000000630600000|  0%| F|  |TAMS 0x0000000630400000, 0x0000000630400000| Untracked 
| 380|0x0000000630600000, 0x0000000630600000, 0x0000000630800000|  0%| F|  |TAMS 0x0000000630600000, 0x0000000630600000| Untracked 
| 381|0x0000000630800000, 0x0000000630800000, 0x0000000630a00000|  0%| F|  |TAMS 0x0000000630800000, 0x0000000630800000| Untracked 
| 382|0x0000000630a00000, 0x0000000630a00000, 0x0000000630c00000|  0%| F|  |TAMS 0x0000000630a00000, 0x0000000630a00000| Untracked 
| 383|0x0000000630c00000, 0x0000000630c00000, 0x0000000630e00000|  0%| F|  |TAMS 0x0000000630c00000, 0x0000000630c00000| Untracked 
| 384|0x0000000630e00000, 0x0000000630e00000, 0x0000000631000000|  0%| F|  |TAMS 0x0000000630e00000, 0x0000000630e00000| Untracked 
| 385|0x0000000631000000, 0x0000000631000000, 0x0000000631200000|  0%| F|  |TAMS 0x0000000631000000, 0x0000000631000000| Untracked 
| 386|0x0000000631200000, 0x0000000631200000, 0x0000000631400000|  0%| F|  |TAMS 0x0000000631200000, 0x0000000631200000| Untracked 
| 387|0x0000000631400000, 0x0000000631400000, 0x0000000631600000|  0%| F|  |TAMS 0x0000000631400000, 0x0000000631400000| Untracked 
| 388|0x0000000631600000, 0x0000000631600000, 0x0000000631800000|  0%| F|  |TAMS 0x0000000631600000, 0x0000000631600000| Untracked 
| 389|0x0000000631800000, 0x0000000631800000, 0x0000000631a00000|  0%| F|  |TAMS 0x0000000631800000, 0x0000000631800000| Untracked 
| 390|0x0000000631a00000, 0x0000000631a00000, 0x0000000631c00000|  0%| F|  |TAMS 0x0000000631a00000, 0x0000000631a00000| Untracked 
| 391|0x0000000631c00000, 0x0000000631c00000, 0x0000000631e00000|  0%| F|  |TAMS 0x0000000631c00000, 0x0000000631c00000| Untracked 
| 392|0x0000000631e00000, 0x0000000631e00000, 0x0000000632000000|  0%| F|  |TAMS 0x0000000631e00000, 0x0000000631e00000| Untracked 
| 393|0x0000000632000000, 0x0000000632000000, 0x0000000632200000|  0%| F|  |TAMS 0x0000000632000000, 0x0000000632000000| Untracked 
| 394|0x0000000632200000, 0x0000000632200000, 0x0000000632400000|  0%| F|  |TAMS 0x0000000632200000, 0x0000000632200000| Untracked 
| 395|0x0000000632400000, 0x0000000632400000, 0x0000000632600000|  0%| F|  |TAMS 0x0000000632400000, 0x0000000632400000| Untracked 
| 396|0x0000000632600000, 0x0000000632600000, 0x0000000632800000|  0%| F|  |TAMS 0x0000000632600000, 0x0000000632600000| Untracked 
| 397|0x0000000632800000, 0x0000000632800000, 0x0000000632a00000|  0%| F|  |TAMS 0x0000000632800000, 0x0000000632800000| Untracked 
| 398|0x0000000632a00000, 0x0000000632a00000, 0x0000000632c00000|  0%| F|  |TAMS 0x0000000632a00000, 0x0000000632a00000| Untracked 
| 399|0x0000000632c00000, 0x0000000632c00000, 0x0000000632e00000|  0%| F|  |TAMS 0x0000000632c00000, 0x0000000632c00000| Untracked 
| 400|0x0000000632e00000, 0x0000000632e00000, 0x0000000633000000|  0%| F|  |TAMS 0x0000000632e00000, 0x0000000632e00000| Untracked 
| 401|0x0000000633000000, 0x0000000633000000, 0x0000000633200000|  0%| F|  |TAMS 0x0000000633000000, 0x0000000633000000| Untracked 
| 402|0x0000000633200000, 0x0000000633200000, 0x0000000633400000|  0%| F|  |TAMS 0x0000000633200000, 0x0000000633200000| Untracked 
| 403|0x0000000633400000, 0x0000000633400000, 0x0000000633600000|  0%| F|  |TAMS 0x0000000633400000, 0x0000000633400000| Untracked 
| 404|0x0000000633600000, 0x0000000633600000, 0x0000000633800000|  0%| F|  |TAMS 0x0000000633600000, 0x0000000633600000| Untracked 
| 405|0x0000000633800000, 0x0000000633800000, 0x0000000633a00000|  0%| F|  |TAMS 0x0000000633800000, 0x0000000633800000| Untracked 
| 406|0x0000000633a00000, 0x0000000633a00000, 0x0000000633c00000|  0%| F|  |TAMS 0x0000000633a00000, 0x0000000633a00000| Untracked 
| 407|0x0000000633c00000, 0x0000000633c00000, 0x0000000633e00000|  0%| F|  |TAMS 0x0000000633c00000, 0x0000000633c00000| Untracked 
| 408|0x0000000633e00000, 0x0000000633e00000, 0x0000000634000000|  0%| F|  |TAMS 0x0000000633e00000, 0x0000000633e00000| Untracked 
| 409|0x0000000634000000, 0x0000000634000000, 0x0000000634200000|  0%| F|  |TAMS 0x0000000634000000, 0x0000000634000000| Untracked 
| 410|0x0000000634200000, 0x0000000634200000, 0x0000000634400000|  0%| F|  |TAMS 0x0000000634200000, 0x0000000634200000| Untracked 
| 411|0x0000000634400000, 0x0000000634400000, 0x0000000634600000|  0%| F|  |TAMS 0x0000000634400000, 0x0000000634400000| Untracked 
| 412|0x0000000634600000, 0x0000000634600000, 0x0000000634800000|  0%| F|  |TAMS 0x0000000634600000, 0x0000000634600000| Untracked 
| 413|0x0000000634800000, 0x0000000634800000, 0x0000000634a00000|  0%| F|  |TAMS 0x0000000634800000, 0x0000000634800000| Untracked 
| 414|0x0000000634a00000, 0x0000000634a00000, 0x0000000634c00000|  0%| F|  |TAMS 0x0000000634a00000, 0x0000000634a00000| Untracked 
| 415|0x0000000634c00000, 0x0000000634c00000, 0x0000000634e00000|  0%| F|  |TAMS 0x0000000634c00000, 0x0000000634c00000| Untracked 
| 416|0x0000000634e00000, 0x0000000634e00000, 0x0000000635000000|  0%| F|  |TAMS 0x0000000634e00000, 0x0000000634e00000| Untracked 
| 417|0x0000000635000000, 0x0000000635000000, 0x0000000635200000|  0%| F|  |TAMS 0x0000000635000000, 0x0000000635000000| Untracked 
| 418|0x0000000635200000, 0x0000000635200000, 0x0000000635400000|  0%| F|  |TAMS 0x0000000635200000, 0x0000000635200000| Untracked 
| 419|0x0000000635400000, 0x0000000635400000, 0x0000000635600000|  0%| F|  |TAMS 0x0000000635400000, 0x0000000635400000| Untracked 
| 420|0x0000000635600000, 0x0000000635600000, 0x0000000635800000|  0%| F|  |TAMS 0x0000000635600000, 0x0000000635600000| Untracked 
| 421|0x0000000635800000, 0x0000000635800000, 0x0000000635a00000|  0%| F|  |TAMS 0x0000000635800000, 0x0000000635800000| Untracked 
| 422|0x0000000635a00000, 0x0000000635a00000, 0x0000000635c00000|  0%| F|  |TAMS 0x0000000635a00000, 0x0000000635a00000| Untracked 
| 423|0x0000000635c00000, 0x0000000635c00000, 0x0000000635e00000|  0%| F|  |TAMS 0x0000000635c00000, 0x0000000635c00000| Untracked 
| 424|0x0000000635e00000, 0x0000000635e00000, 0x0000000636000000|  0%| F|  |TAMS 0x0000000635e00000, 0x0000000635e00000| Untracked 
| 425|0x0000000636000000, 0x0000000636000000, 0x0000000636200000|  0%| F|  |TAMS 0x0000000636000000, 0x0000000636000000| Untracked 
| 426|0x0000000636200000, 0x0000000636400000, 0x0000000636400000|100%| S|CS|TAMS 0x0000000636200000, 0x0000000636200000| Complete 
| 427|0x0000000636400000, 0x0000000636600000, 0x0000000636600000|100%| S|CS|TAMS 0x0000000636400000, 0x0000000636400000| Complete 
| 428|0x0000000636600000, 0x0000000636800000, 0x0000000636800000|100%| S|CS|TAMS 0x0000000636600000, 0x0000000636600000| Complete 
| 429|0x0000000636800000, 0x0000000636a00000, 0x0000000636a00000|100%| S|CS|TAMS 0x0000000636800000, 0x0000000636800000| Complete 
| 430|0x0000000636a00000, 0x0000000636c00000, 0x0000000636c00000|100%| S|CS|TAMS 0x0000000636a00000, 0x0000000636a00000| Complete 
| 431|0x0000000636c00000, 0x0000000636e00000, 0x0000000636e00000|100%| S|CS|TAMS 0x0000000636c00000, 0x0000000636c00000| Complete 
| 432|0x0000000636e00000, 0x0000000637000000, 0x0000000637000000|100%| S|CS|TAMS 0x0000000636e00000, 0x0000000636e00000| Complete 
| 433|0x0000000637000000, 0x0000000637200000, 0x0000000637200000|100%| S|CS|TAMS 0x0000000637000000, 0x0000000637000000| Complete 
| 434|0x0000000637200000, 0x0000000637400000, 0x0000000637400000|100%| S|CS|TAMS 0x0000000637200000, 0x0000000637200000| Complete 
| 435|0x0000000637400000, 0x0000000637400000, 0x0000000637600000|  0%| F|  |TAMS 0x0000000637400000, 0x0000000637400000| Untracked 
| 436|0x0000000637600000, 0x0000000637600000, 0x0000000637800000|  0%| F|  |TAMS 0x0000000637600000, 0x0000000637600000| Untracked 
| 437|0x0000000637800000, 0x0000000637800000, 0x0000000637a00000|  0%| F|  |TAMS 0x0000000637800000, 0x0000000637800000| Untracked 
| 438|0x0000000637a00000, 0x0000000637a00000, 0x0000000637c00000|  0%| F|  |TAMS 0x0000000637a00000, 0x0000000637a00000| Untracked 
| 439|0x0000000637c00000, 0x0000000637c00000, 0x0000000637e00000|  0%| F|  |TAMS 0x0000000637c00000, 0x0000000637c00000| Untracked 
| 440|0x0000000637e00000, 0x0000000637e00000, 0x0000000638000000|  0%| F|  |TAMS 0x0000000637e00000, 0x0000000637e00000| Untracked 
| 441|0x0000000638000000, 0x0000000638000000, 0x0000000638200000|  0%| F|  |TAMS 0x0000000638000000, 0x0000000638000000| Untracked 
| 442|0x0000000638200000, 0x0000000638200000, 0x0000000638400000|  0%| F|  |TAMS 0x0000000638200000, 0x0000000638200000| Untracked 
| 443|0x0000000638400000, 0x0000000638400000, 0x0000000638600000|  0%| F|  |TAMS 0x0000000638400000, 0x0000000638400000| Untracked 
| 444|0x0000000638600000, 0x0000000638600000, 0x0000000638800000|  0%| F|  |TAMS 0x0000000638600000, 0x0000000638600000| Untracked 
| 445|0x0000000638800000, 0x0000000638800000, 0x0000000638a00000|  0%| F|  |TAMS 0x0000000638800000, 0x0000000638800000| Untracked 
| 446|0x0000000638a00000, 0x0000000638a00000, 0x0000000638c00000|  0%| F|  |TAMS 0x0000000638a00000, 0x0000000638a00000| Untracked 
| 447|0x0000000638c00000, 0x0000000638c00000, 0x0000000638e00000|  0%| F|  |TAMS 0x0000000638c00000, 0x0000000638c00000| Untracked 
| 448|0x0000000638e00000, 0x0000000638e00000, 0x0000000639000000|  0%| F|  |TAMS 0x0000000638e00000, 0x0000000638e00000| Untracked 
| 449|0x0000000639000000, 0x0000000639000000, 0x0000000639200000|  0%| F|  |TAMS 0x0000000639000000, 0x0000000639000000| Untracked 
| 450|0x0000000639200000, 0x0000000639200000, 0x0000000639400000|  0%| F|  |TAMS 0x0000000639200000, 0x0000000639200000| Untracked 
| 451|0x0000000639400000, 0x0000000639400000, 0x0000000639600000|  0%| F|  |TAMS 0x0000000639400000, 0x0000000639400000| Untracked 
| 452|0x0000000639600000, 0x0000000639600000, 0x0000000639800000|  0%| F|  |TAMS 0x0000000639600000, 0x0000000639600000| Untracked 
| 453|0x0000000639800000, 0x0000000639800000, 0x0000000639a00000|  0%| F|  |TAMS 0x0000000639800000, 0x0000000639800000| Untracked 
| 454|0x0000000639a00000, 0x0000000639a00000, 0x0000000639c00000|  0%| F|  |TAMS 0x0000000639a00000, 0x0000000639a00000| Untracked 
| 455|0x0000000639c00000, 0x0000000639c00000, 0x0000000639e00000|  0%| F|  |TAMS 0x0000000639c00000, 0x0000000639c00000| Untracked 
| 456|0x0000000639e00000, 0x0000000639e00000, 0x000000063a000000|  0%| F|  |TAMS 0x0000000639e00000, 0x0000000639e00000| Untracked 
| 457|0x000000063a000000, 0x000000063a000000, 0x000000063a200000|  0%| F|  |TAMS 0x000000063a000000, 0x000000063a000000| Untracked 
| 458|0x000000063a200000, 0x000000063a200000, 0x000000063a400000|  0%| F|  |TAMS 0x000000063a200000, 0x000000063a200000| Untracked 
| 459|0x000000063a400000, 0x000000063a400000, 0x000000063a600000|  0%| F|  |TAMS 0x000000063a400000, 0x000000063a400000| Untracked 
| 460|0x000000063a600000, 0x000000063a600000, 0x000000063a800000|  0%| F|  |TAMS 0x000000063a600000, 0x000000063a600000| Untracked 
| 461|0x000000063a800000, 0x000000063a800000, 0x000000063aa00000|  0%| F|  |TAMS 0x000000063a800000, 0x000000063a800000| Untracked 
| 462|0x000000063aa00000, 0x000000063aa00000, 0x000000063ac00000|  0%| F|  |TAMS 0x000000063aa00000, 0x000000063aa00000| Untracked 
| 463|0x000000063ac00000, 0x000000063ac00000, 0x000000063ae00000|  0%| F|  |TAMS 0x000000063ac00000, 0x000000063ac00000| Untracked 
| 464|0x000000063ae00000, 0x000000063ae00000, 0x000000063b000000|  0%| F|  |TAMS 0x000000063ae00000, 0x000000063ae00000| Untracked 
| 465|0x000000063b000000, 0x000000063b000000, 0x000000063b200000|  0%| F|  |TAMS 0x000000063b000000, 0x000000063b000000| Untracked 
| 466|0x000000063b200000, 0x000000063b200000, 0x000000063b400000|  0%| F|  |TAMS 0x000000063b200000, 0x000000063b200000| Untracked 
| 467|0x000000063b400000, 0x000000063b400000, 0x000000063b600000|  0%| F|  |TAMS 0x000000063b400000, 0x000000063b400000| Untracked 
| 468|0x000000063b600000, 0x000000063b600000, 0x000000063b800000|  0%| F|  |TAMS 0x000000063b600000, 0x000000063b600000| Untracked 
| 469|0x000000063b800000, 0x000000063b800000, 0x000000063ba00000|  0%| F|  |TAMS 0x000000063b800000, 0x000000063b800000| Untracked 
| 470|0x000000063ba00000, 0x000000063ba00000, 0x000000063bc00000|  0%| F|  |TAMS 0x000000063ba00000, 0x000000063ba00000| Untracked 
| 471|0x000000063bc00000, 0x000000063bc00000, 0x000000063be00000|  0%| F|  |TAMS 0x000000063bc00000, 0x000000063bc00000| Untracked 
| 472|0x000000063be00000, 0x000000063be00000, 0x000000063c000000|  0%| F|  |TAMS 0x000000063be00000, 0x000000063be00000| Untracked 
| 473|0x000000063c000000, 0x000000063c000000, 0x000000063c200000|  0%| F|  |TAMS 0x000000063c000000, 0x000000063c000000| Untracked 
| 474|0x000000063c200000, 0x000000063c200000, 0x000000063c400000|  0%| F|  |TAMS 0x000000063c200000, 0x000000063c200000| Untracked 
| 475|0x000000063c400000, 0x000000063c400000, 0x000000063c600000|  0%| F|  |TAMS 0x000000063c400000, 0x000000063c400000| Untracked 
| 476|0x000000063c600000, 0x000000063c600000, 0x000000063c800000|  0%| F|  |TAMS 0x000000063c600000, 0x000000063c600000| Untracked 
| 477|0x000000063c800000, 0x000000063c800000, 0x000000063ca00000|  0%| F|  |TAMS 0x000000063c800000, 0x000000063c800000| Untracked 
| 478|0x000000063ca00000, 0x000000063ca00000, 0x000000063cc00000|  0%| F|  |TAMS 0x000000063ca00000, 0x000000063ca00000| Untracked 
| 479|0x000000063cc00000, 0x000000063cc00000, 0x000000063ce00000|  0%| F|  |TAMS 0x000000063cc00000, 0x000000063cc00000| Untracked 
| 480|0x000000063ce00000, 0x000000063ce00000, 0x000000063d000000|  0%| F|  |TAMS 0x000000063ce00000, 0x000000063ce00000| Untracked 
| 481|0x000000063d000000, 0x000000063d000000, 0x000000063d200000|  0%| F|  |TAMS 0x000000063d000000, 0x000000063d000000| Untracked 
| 482|0x000000063d200000, 0x000000063d200000, 0x000000063d400000|  0%| F|  |TAMS 0x000000063d200000, 0x000000063d200000| Untracked 
| 483|0x000000063d400000, 0x000000063d400000, 0x000000063d600000|  0%| F|  |TAMS 0x000000063d400000, 0x000000063d400000| Untracked 
| 484|0x000000063d600000, 0x000000063d600000, 0x000000063d800000|  0%| F|  |TAMS 0x000000063d600000, 0x000000063d600000| Untracked 
| 485|0x000000063d800000, 0x000000063d800000, 0x000000063da00000|  0%| F|  |TAMS 0x000000063d800000, 0x000000063d800000| Untracked 
| 486|0x000000063da00000, 0x000000063da00000, 0x000000063dc00000|  0%| F|  |TAMS 0x000000063da00000, 0x000000063da00000| Untracked 
| 487|0x000000063dc00000, 0x000000063dc00000, 0x000000063de00000|  0%| F|  |TAMS 0x000000063dc00000, 0x000000063dc00000| Untracked 
| 488|0x000000063de00000, 0x000000063de00000, 0x000000063e000000|  0%| F|  |TAMS 0x000000063de00000, 0x000000063de00000| Untracked 
| 489|0x000000063e000000, 0x000000063e000000, 0x000000063e200000|  0%| F|  |TAMS 0x000000063e000000, 0x000000063e000000| Untracked 
| 490|0x000000063e200000, 0x000000063e200000, 0x000000063e400000|  0%| F|  |TAMS 0x000000063e200000, 0x000000063e200000| Untracked 

Card table byte_map: [0x000001b670f30000,0x000001b671f30000] _byte_map_base: 0x000001b66df29000

Marking Bits (Prev, Next): (CMBitMap*) 0x000001b6598ed408, (CMBitMap*) 0x000001b6598ed440
 Prev Bits: [0x000001b672f30000, 0x000001b67aef8000)
 Next Bits: [0x000001b600000000, 0x000001b607fc8000)

Polling page: 0x000001b657800000

Metaspace:

Usage:
  Non-class:     12.99 MB capacity,    12.77 MB ( 98%) used,   190.77 KB (  1%) free+waste,    32.69 KB ( <1%) overhead. 
      Class:      1.49 MB capacity,     1.30 MB ( 88%) used,   172.78 KB ( 11%) free+waste,    15.88 KB (  1%) overhead. 
       Both:     14.47 MB capacity,    14.07 MB ( 97%) used,   363.55 KB (  2%) free+waste,    48.56 KB ( <1%) overhead. 

Virtual space:
  Non-class space:       14.00 MB reserved,      13.00 MB ( 93%) committed 
      Class space:        1.00 GB reserved,       1.50 MB ( <1%) committed 
             Both:        1.01 GB reserved,      14.50 MB (  1%) committed 

Chunk freelists:
   Non-Class:  1.88 KB
       Class:  1.88 KB
        Both:  3.75 KB

CodeHeap 'non-profiled nmethods': size=120064Kb used=1809Kb max_used=1809Kb free=118254Kb
 bounds [0x000001b6689f0000, 0x000001b668c60000, 0x000001b66ff30000]
CodeHeap 'profiled nmethods': size=120000Kb used=5638Kb max_used=5638Kb free=114361Kb
 bounds [0x000001b6614c0000, 0x000001b661a50000, 0x000001b6689f0000]
CodeHeap 'non-nmethods': size=5696Kb used=1118Kb max_used=1171Kb free=4577Kb
 bounds [0x000001b660f30000, 0x000001b6611a0000, 0x000001b6614c0000]
 total_blobs=2685 nmethods=2253 adapters=344
 compilation: enabled
              stopped_count=0, restarted_count=0
 full_count=0

Compilation events (10 events):
Event: 5.088 Thread 0x000001b67dddd000 2288       4       jdk.internal.misc.Unsafe::allocateUninitializedArray (52 bytes)
Event: 5.090 Thread 0x000001b67dddd000 nmethod 2288 0x000001b668b9c110 code [0x000001b668b9c2a0, 0x000001b668b9c438]
Event: 5.094 Thread 0x000001b67f035800 nmethod 2281% 0x000001b668b9c590 code [0x000001b668b9c9a0, 0x000001b668ba2a08]
Event: 5.095 Thread 0x000001b67dddd000 2289 % !   4       io.ruin.model.map.Region::init @ 168 (573 bytes)
Event: 5.238 Thread 0x000001b67dddf000 2290       3       io.ruin.api.filestore.IndexFile::getFile (59 bytes)
Event: 5.238 Thread 0x000001b67dddf000 nmethod 2290 0x000001b661a40b90 code [0x000001b661a40d80, 0x000001b661a41278]
Event: 5.433 Thread 0x000001b67dddd000 nmethod 2289% 0x000001b668ba8390 code [0x000001b668ba8780, 0x000001b668baed08]
Event: 5.434 Thread 0x000001b67dddd000 2291 % !   4       io.ruin.model.map.Region::init @ 50 (573 bytes)
Event: 5.774 Thread 0x000001b67dddf000 2294       3       java.lang.invoke.VarForm::getMemberName (21 bytes)
Event: 5.775 Thread 0x000001b67dddf000 nmethod 2294 0x000001b661a41490 code [0x000001b661a41640, 0x000001b661a41888]

GC Heap History (10 events):
Event: 3.900 GC heap after
{Heap after GC invocations=9 (full 0):
 garbage-first heap   total 700416K, used 125408K [0x0000000600e00000, 0x0000000800000000)
  region size 2048K, 7 young (14336K), 7 survivors (14336K)
 Metaspace       used 14405K, capacity 14818K, committed 14848K, reserved 1062912K
  class space    used 1332K, capacity 1521K, committed 1536K, reserved 1048576K
}
Event: 4.944 GC heap before
{Heap before GC invocations=9 (full 0):
 garbage-first heap   total 700416K, used 518624K [0x0000000600e00000, 0x0000000800000000)
  region size 2048K, 199 young (407552K), 7 survivors (14336K)
 Metaspace       used 14405K, capacity 14818K, committed 14848K, reserved 1062912K
  class space    used 1332K, capacity 1521K, committed 1536K, reserved 1048576K
}
Event: 5.087 GC heap after
{Heap after GC invocations=10 (full 0):
 garbage-first heap   total 1005568K, used 362953K [0x0000000600e00000, 0x0000000800000000)
  region size 2048K, 25 young (51200K), 25 survivors (51200K)
 Metaspace       used 14405K, capacity 14818K, committed 14848K, reserved 1062912K
  class space    used 1332K, capacity 1521K, committed 1536K, reserved 1048576K
}
Event: 5.338 GC heap before
{Heap before GC invocations=10 (full 0):
 garbage-first heap   total 1005568K, used 496073K [0x0000000600e00000, 0x0000000800000000)
  region size 2048K, 90 young (184320K), 25 survivors (51200K)
 Metaspace       used 14405K, capacity 14818K, committed 14848K, reserved 1062912K
  class space    used 1332K, capacity 1521K, committed 1536K, reserved 1048576K
}
Event: 5.390 GC heap after
{Heap after GC invocations=11 (full 0):
 garbage-first heap   total 1005568K, used 450560K [0x0000000600e00000, 0x0000000800000000)
  region size 2048K, 12 young (24576K), 12 survivors (24576K)
 Metaspace       used 14405K, capacity 14818K, committed 14848K, reserved 1062912K
  class space    used 1332K, capacity 1521K, committed 1536K, reserved 1048576K
}
Event: 5.525 GC heap before
{Heap before GC invocations=11 (full 0):
 garbage-first heap   total 1005568K, used 585728K [0x0000000600e00000, 0x0000000800000000)
  region size 2048K, 78 young (159744K), 12 survivors (24576K)
 Metaspace       used 14405K, capacity 14818K, committed 14848K, reserved 1062912K
  class space    used 1332K, capacity 1521K, committed 1536K, reserved 1048576K
}
Event: 5.564 GC heap after
{Heap after GC invocations=12 (full 0):
 garbage-first heap   total 1005568K, used 532480K [0x0000000600e00000, 0x0000000800000000)
  region size 2048K, 10 young (20480K), 10 survivors (20480K)
 Metaspace       used 14405K, capacity 14818K, committed 14848K, reserved 1062912K
  class space    used 1332K, capacity 1521K, committed 1536K, reserved 1048576K
}
Event: 5.693 GC heap before
{Heap before GC invocations=12 (full 0):
 garbage-first heap   total 1005568K, used 673792K [0x0000000600e00000, 0x0000000800000000)
  region size 2048K, 79 young (161792K), 10 survivors (20480K)
 Metaspace       used 14405K, capacity 14818K, committed 14848K, reserved 1062912K
  class space    used 1332K, capacity 1521K, committed 1536K, reserved 1048576K
}
Event: 5.732 GC heap after
{Heap after GC invocations=13 (full 0):
 garbage-first heap   total 1005568K, used 620544K [0x0000000600e00000, 0x0000000800000000)
  region size 2048K, 10 young (20480K), 10 survivors (20480K)
 Metaspace       used 14405K, capacity 14818K, committed 14848K, reserved 1062912K
  class space    used 1332K, capacity 1521K, committed 1536K, reserved 1048576K
}
Event: 5.831 GC heap before
{Heap before GC invocations=13 (full 0):
 garbage-first heap   total 1005568K, used 735232K [0x0000000600e00000, 0x0000000800000000)
  region size 2048K, 66 young (135168K), 10 survivors (20480K)
 Metaspace       used 14405K, capacity 14818K, committed 14848K, reserved 1062912K
  class space    used 1332K, capacity 1521K, committed 1536K, reserved 1048576K
}

Deoptimization events (10 events):
Event: 3.636 Thread 0x000001b65986b800 Uncommon trap: reason=unstable_if action=reinterpret pc=0x000001b668b39440 method=io.ruin.model.map.Region.getTile(IIIZ)Lio/ruin/model/map/Tile; @ 59 c2
Event: 3.756 Thread 0x000001b65986b800 Uncommon trap: reason=unstable_if action=reinterpret pc=0x000001b668b3dccc method=io.ruin.model.map.Region.init()V @ 106 c2
Event: 3.877 Thread 0x000001b65986b800 Uncommon trap: reason=unstable_if action=reinterpret pc=0x000001b668b4b00c method=io.ruin.model.map.Region.init()V @ 473 c2
Event: 4.145 Thread 0x000001b65986b800 Uncommon trap: reason=unstable_if action=reinterpret pc=0x000001b668b6702c method=io.ruin.model.map.Region.init()V @ 276 c2
Event: 4.310 Thread 0x000001b65986b800 Uncommon trap: reason=unstable_if action=reinterpret pc=0x000001b668b7c584 method=io.ruin.api.filestore.IndexFile.getFile(II[I)[B @ 28 c2
Event: 4.548 Thread 0x000001b65986b800 Uncommon trap: reason=range_check action=make_not_entrant pc=0x000001b668b93e30 method=io.ruin.api.buffer.InBuffer.peek()B @ 8 c2
Event: 4.724 Thread 0x000001b65986b800 Uncommon trap: reason=class_check action=maybe_recompile pc=0x000001b668b99bac method=jdk.internal.misc.Unsafe.allocateUninitializedArray(Ljava/lang/Class;I)Ljava/lang/Object; @ 48 c2
Event: 4.724 Thread 0x000001b65986b800 Uncommon trap: reason=class_check action=maybe_recompile pc=0x000001b668b99bac method=jdk.internal.misc.Unsafe.allocateUninitializedArray(Ljava/lang/Class;I)Ljava/lang/Object; @ 48 c2
Event: 4.724 Thread 0x000001b65986b800 Uncommon trap: reason=class_check action=maybe_recompile pc=0x000001b668b99bac method=jdk.internal.misc.Unsafe.allocateUninitializedArray(Ljava/lang/Class;I)Ljava/lang/Object; @ 48 c2
Event: 4.724 Thread 0x000001b65986b800 Uncommon trap: reason=class_check action=maybe_recompile pc=0x000001b668b99bac method=jdk.internal.misc.Unsafe.allocateUninitializedArray(Ljava/lang/Class;I)Ljava/lang/Object; @ 48 c2

Classes redefined (0 events):
No events

Internal exceptions (10 events):
Event: 0.388 Thread 0x000001b65986b800 Exception <a 'java/lang/NoSuchMethodError'{0x00000006204e6ca0}: java.lang.invoke.Invokers$Holder.linkToTargetMethod(Ljava/lang/Object;ILjava/lang/Object;)Ljava/lang/Object;> (0x00000006204e6ca0) thrown at [./open/src/hotspot/share/interpreter/linkResolver
Event: 0.734 Thread 0x000001b65986b800 Exception <a 'java/lang/NoSuchMethodError'{0x00000006208416d0}: java.lang.invoke.DirectMethodHandle$Holder.invokeStatic(Ljava/lang/Object;Ljava/lang/Object;Ljava/lang/Object;Ljava/lang/Object;Ljava/lang/Object;Ljava/lang/Object;Ljava/lang/Object;Ljava/lan
Event: 0.736 Thread 0x000001b65986b800 Exception <a 'java/lang/NoSuchMethodError'{0x000000062084e5e0}: java.lang.invoke.DirectMethodHandle$Holder.invokeStatic(Ljava/lang/Object;Ljava/lang/Object;Ljava/lang/Object;Ljava/lang/Object;Ljava/lang/Object;Ljava/lang/Object;Ljava/lang/Object;Ljava/lan
Event: 1.130 Thread 0x000001b65986b800 Exception <a 'java/lang/NoSuchMethodError'{0x00000006207d90e0}: java.lang.invoke.DirectMethodHandle$Holder.invokeStaticInit(Ljava/lang/Object;)V> (0x00000006207d90e0) thrown at [./open/src/hotspot/share/interpreter/linkResolver.cpp, line 772]
Event: 1.396 Thread 0x000001b65986b800 Exception <a 'java/lang/NoSuchMethodError'{0x000000062022a350}: java.lang.invoke.DirectMethodHandle$Holder.invokeStatic(Ljava/lang/Object;Ljava/lang/Object;Ljava/lang/Object;Ljava/lang/Object;Ljava/lang/Object;Ljava/lang/Object;Ljava/lang/Object;Ljava/lan
Event: 2.441 Thread 0x000001b65986b800 Exception <a 'java/lang/NoSuchMethodError'{0x000000062977af08}: java.lang.invoke.DirectMethodHandle$Holder.invokeStaticInit(Ljava/lang/Object;Ljava/lang/Object;)V> (0x000000062977af08) thrown at [./open/src/hotspot/share/interpreter/linkResolver.cpp, line
Event: 2.442 Thread 0x000001b65986b800 Exception <a 'java/lang/NoSuchMethodError'{0x0000000629790128}: java.lang.invoke.DirectMethodHandle$Holder.invokeStatic(Ljava/lang/Object;Ljava/lang/Object;I)V> (0x0000000629790128) thrown at [./open/src/hotspot/share/interpreter/linkResolver.cpp, line 77
Event: 2.443 Thread 0x000001b65986b800 Exception <a 'java/lang/NoSuchMethodError'{0x0000000629793280}: java.lang.invoke.DirectMethodHandle$Holder.invokeStaticInit(Ljava/lang/Object;Ljava/lang/Object;I)V> (0x0000000629793280) thrown at [./open/src/hotspot/share/interpreter/linkResolver.cpp, lin
Event: 2.589 Thread 0x000001b65986b800 Exception <a 'java/lang/NoSuchMethodError'{0x00000006297bf5c0}: java.lang.invoke.DirectMethodHandle$Holder.invokeVirtual(Ljava/lang/Object;Ljava/lang/Object;)I> (0x00000006297bf5c0) thrown at [./open/src/hotspot/share/interpreter/linkResolver.cpp, line 77
Event: 3.661 Thread 0x000001b65986b800 Exception <a 'java/lang/NoSuchMethodError'{0x00000006276108a8}: java.lang.invoke.DirectMethodHandle$Holder.invokeStaticInit(Ljava/lang/Object;Ljava/lang/Object;Ljava/lang/Object;Ljava/lang/Object;)V> (0x00000006276108a8) thrown at [./open/src/hotspot/shar

Events (10 events):
Event: 4.944 Executing VM operation: G1CollectForAllocation
Event: 5.087 Executing VM operation: G1CollectForAllocation done
Event: 5.238 Thread 0x000001b67f035800 Thread exited: 0x000001b67f035800
Event: 5.337 Executing VM operation: G1CollectForAllocation
Event: 5.390 Executing VM operation: G1CollectForAllocation done
Event: 5.525 Executing VM operation: G1CollectForAllocation
Event: 5.564 Executing VM operation: G1CollectForAllocation done
Event: 5.693 Executing VM operation: G1CollectForAllocation
Event: 5.732 Executing VM operation: G1CollectForAllocation done
Event: 5.830 Executing VM operation: G1CollectForAllocation


Dynamic libraries:
0x00007ff6cc560000 - 0x00007ff6cc570000 	C:\Program Files\Java\jdk-11\bin\java.exe
0x00007fff140c0000 - 0x00007fff142a1000 	C:\WINDOWS\SYSTEM32\ntdll.dll
0x00007fff13360000 - 0x00007fff13411000 	C:\WINDOWS\System32\KERNEL32.DLL
0x00007fff110b0000 - 0x00007fff11323000 	C:\WINDOWS\System32\KERNELBASE.dll
0x00007fff10fb0000 - 0x00007fff110a8000 	C:\WINDOWS\System32\ucrtbase.dll
0x00007ffef57c0000 - 0x00007ffef57d9000 	C:\Program Files\Java\jdk-11\bin\jli.dll
0x00007fff13f50000 - 0x00007fff13ff1000 	C:\WINDOWS\System32\ADVAPI32.dll
0x00007fff13790000 - 0x00007fff1382e000 	C:\WINDOWS\System32\msvcrt.dll
0x00007fff14030000 - 0x00007fff1408b000 	C:\WINDOWS\System32\sechost.dll
0x00007fff13230000 - 0x00007fff13354000 	C:\WINDOWS\System32\RPCRT4.dll
0x00007fff11970000 - 0x00007fff11b00000 	C:\WINDOWS\System32\USER32.dll
0x00007fff11520000 - 0x00007fff11540000 	C:\WINDOWS\System32\win32u.dll
0x00007fff135c0000 - 0x00007fff135e8000 	C:\WINDOWS\System32\GDI32.dll
0x00007fff10e10000 - 0x00007fff10fa1000 	C:\WINDOWS\System32\gdi32full.dll
0x00007fff10590000 - 0x00007fff1062f000 	C:\WINDOWS\System32\msvcp_win.dll
0x00007ffeee040000 - 0x00007ffeee05b000 	C:\Program Files\Java\jdk-11\bin\VCRUNTIME140.dll
0x00007ffefaca0000 - 0x00007ffefaf09000 	C:\WINDOWS\WinSxS\amd64_microsoft.windows.common-controls_6595b64144ccf1df_6.0.17134.1304_none_d3fbe61b7c93d9f0\COMCTL32.dll
0x00007fff11640000 - 0x00007fff11961000 	C:\WINDOWS\System32\combase.dll
0x00007fff10d90000 - 0x00007fff10e09000 	C:\WINDOWS\System32\bcryptPrimitives.dll
0x00007fff0b3a0000 - 0x00007fff0b3aa000 	C:\WINDOWS\SYSTEM32\VERSION.dll
0x00007fff14000000 - 0x00007fff1402d000 	C:\WINDOWS\System32\IMM32.DLL
0x00007ffef4c80000 - 0x00007ffef4c8c000 	C:\Program Files\Java\jdk-11\bin\vcruntime140_1.dll
0x00007ffeedfb0000 - 0x00007ffeee03e000 	C:\Program Files\Java\jdk-11\bin\msvcp140.dll
0x00007ffeb5720000 - 0x00007ffeb628d000 	C:\Program Files\Java\jdk-11\bin\server\jvm.dll
0x00007fff13550000 - 0x00007fff13558000 	C:\WINDOWS\System32\PSAPI.DLL
0x00007fff0e7b0000 - 0x00007fff0e7b9000 	C:\WINDOWS\SYSTEM32\WSOCK32.dll
0x00007fff134e0000 - 0x00007fff1354c000 	C:\WINDOWS\System32\WS2_32.dll
0x00007fff0e690000 - 0x00007fff0e6b3000 	C:\WINDOWS\SYSTEM32\WINMM.dll
0x00007fff0e610000 - 0x00007fff0e63a000 	C:\WINDOWS\SYSTEM32\WINMMBASE.dll
0x00007fff10630000 - 0x00007fff10679000 	C:\WINDOWS\System32\cfgmgr32.dll
0x00007fff103e0000 - 0x00007fff103f1000 	C:\WINDOWS\System32\kernel.appcore.dll
0x00007ffeedfa0000 - 0x00007ffeedfb0000 	C:\Program Files\Java\jdk-11\bin\verify.dll
0x00007ffefb7c0000 - 0x00007ffefb989000 	C:\WINDOWS\SYSTEM32\DBGHELP.DLL
0x00007ffefb460000 - 0x00007ffefb489000 	C:\WINDOWS\SYSTEM32\dbgcore.DLL
0x00007ffeedf70000 - 0x00007ffeedf98000 	C:\Program Files\Java\jdk-11\bin\java.dll
0x00007ffeedf60000 - 0x00007ffeedf6a000 	C:\Program Files\Java\jdk-11\bin\jimage.dll
0x00007ffeedf40000 - 0x00007ffeedf57000 	C:\Program Files\Java\jdk-11\bin\zip.dll
0x00007fff11d40000 - 0x00007fff13185000 	C:\WINDOWS\System32\SHELL32.dll
0x00007fff11c90000 - 0x00007fff11d39000 	C:\WINDOWS\System32\shcore.dll
0x00007fff10680000 - 0x00007fff10d90000 	C:\WINDOWS\System32\windows.storage.dll
0x00007fff13420000 - 0x00007fff13471000 	C:\WINDOWS\System32\shlwapi.dll
0x00007fff103c0000 - 0x00007fff103df000 	C:\WINDOWS\System32\profapi.dll
0x00007fff10400000 - 0x00007fff1044c000 	C:\WINDOWS\System32\powrprof.dll
0x00007fff10450000 - 0x00007fff1045a000 	C:\WINDOWS\System32\FLTLIB.DLL
0x00007ffeedf20000 - 0x00007ffeedf39000 	C:\Program Files\Java\jdk-11\bin\net.dll
0x00007fff0a540000 - 0x00007fff0a61d000 	C:\WINDOWS\SYSTEM32\WINHTTP.dll
0x00007fff0fc40000 - 0x00007fff0fca6000 	C:\WINDOWS\system32\mswsock.dll
0x00007ffeedf00000 - 0x00007ffeedf12000 	C:\Program Files\Java\jdk-11\bin\nio.dll
0x00007fff0f9d0000 - 0x00007fff0fa8e000 	C:\WINDOWS\SYSTEM32\DNSAPI.dll
0x00007fff11540000 - 0x00007fff11548000 	C:\WINDOWS\System32\NSI.dll
0x00007fff0f990000 - 0x00007fff0f9c8000 	C:\WINDOWS\SYSTEM32\IPHLPAPI.DLL
0x00007fff0a490000 - 0x00007fff0a49a000 	C:\Windows\System32\rasadhlp.dll
0x00007fff0a620000 - 0x00007fff0a692000 	C:\WINDOWS\System32\fwpuclnt.dll
0x00007fff0ff20000 - 0x00007fff0ff45000 	C:\WINDOWS\SYSTEM32\bcrypt.dll

dbghelp: loaded successfully - version: 4.0.5 - missing functions: none
symbol engine: initialized successfully - sym options: 0x614 - pdb path: .;C:\Program Files\Java\jdk-11\bin;C:\WINDOWS\SYSTEM32;C:\WINDOWS\WinSxS\amd64_microsoft.windows.common-controls_6595b64144ccf1df_6.0.17134.1304_none_d3fbe61b7c93d9f0;C:\Program Files\Java\jdk-11\bin\server

VM Arguments:
jvm_args: -Dfile.encoding=UTF-8 -Duser.country=US -Duser.language=en -Duser.variant 
java_command: io.ruin.Server
java_class_path (initial): D:\Users\Howard\Dekstop\deob files\deob files\runerogue deob\Server\Server\world_2\build\classes\java\main;D:\Users\Howard\Dekstop\deob files\deob files\runerogue deob\Server\Server\world_2\build\classes\kotlin\main;D:\Users\Howard\Dekstop\deob files\deob files\runerogue deob\Server\Server\world_2\build\resources\main;D:\Users\Howard\Dekstop\deob files\deob files\runerogue deob\Server\Server\world_2\libs\everythingrs-api.jar;D:\Users\Howard\Dekstop\deob files\deob files\runerogue deob\Server\Server\update\build\libs\update.jar;D:\Users\Howard\Dekstop\deob files\deob files\runerogue deob\Server\Server\update\libs\everythingrs-api.jar;D:\Users\Howard\Dekstop\deob files\deob files\runerogue deob\Server\Server\core\build\libs\core.jar;D:\Users\Howard\Dekstop\deob files\deob files\runerogue deob\Server\Server\core\libs\everythingrs-api.jar;C:\Users\Howard\.gradle\caches\modules-2\files-2.1\org.slf4j\slf4j-simple\1.7.32\321ffafb5123a91a71737dbff38ebe273e771e5b\slf4j-simple-1.7.32.jar;C:\Users\Howard\.gradle\caches\modules-2\files-2.1\net.dv8tion\JDA\5.0.0-alpha.12\d410ec991adaa5eeee0732e5207eaa5bf3cc88dd\JDA-5.0.0-alpha.12.jar;C:\Users\Howard\.gradle\caches\modules-2\files-2.1\com.zaxxer\HikariCP\5.0.0\8685b74cebc0435144d652311a2930f5914c968a\HikariCP-5.0.0.jar;C:\Users\Howard\.gradle\caches\modules-2\files-2.1\org.slf4j\slf4j-api\1.7.36\6c62681a2f655b49963a5983b8b0950a6120ae14\slf4j-api-1.7.36.jar;C:\Users\Howard\.gradle\caches\modules-2\files-2.1\com.google.http-client\google-http-client-jackson2\1.40.0\cb3c88bb3f255e10ebfc423698fb251d1b214cd2\google-http-client-jackson2-1.40.0.jar;C:\Users\Howard\.gradle\caches\modules-2\files-2.1\com.google.http-client\google-http-client\1.40.0\d18d5505dbe71ab4636001a9c3d69921dba56727\google-http-client-1.40.0.jar;C:\Users\Howard\.gradle\caches\modules-2\files-2.1\io.opencensus\opencensus-contrib-http-util\0.28.0\f6cb276330197d51dd65327fc305a3df7e622705\opencensus-contrib-http-util-0.28.0.jar;C:\Users\Howa
Launcher Type: SUN_STANDARD

[Global flags]
     intx CICompilerCount                          = 3                                         {product} {ergonomic}
     uint ConcGCThreads                            = 1                                         {product} {ergonomic}
     uint G1ConcRefinementThreads                  = 4                                         {product} {ergonomic}
   size_t G1HeapRegionSize                         = 2097152                                   {product} {ergonomic}
    uintx GCDrainStackTargetSize                   = 64                                        {product} {ergonomic}
   size_t InitialHeapSize                          = 536870912                                 {product} {ergonomic}
   size_t MarkStackSize                            = 4194304                                   {product} {ergonomic}
   size_t MaxHeapSize                              = 8575254528                                {product} {ergonomic}
   size_t MaxNewSize                               = 5144313856                                {product} {ergonomic}
   size_t MinHeapDeltaBytes                        = 2097152                                   {product} {ergonomic}
    uintx NonNMethodCodeHeapSize                   = 5830732                                {pd product} {ergonomic}
    uintx NonProfiledCodeHeapSize                  = 122913754                              {pd product} {ergonomic}
    uintx ProfiledCodeHeapSize                     = 122913754                              {pd product} {ergonomic}
    uintx ReservedCodeCacheSize                    = 251658240                              {pd product} {ergonomic}
     bool SegmentedCodeCache                       = true                                      {product} {ergonomic}
     bool UseCompressedClassPointers               = true                                 {lp64_product} {ergonomic}
     bool UseCompressedOops                        = true                                 {lp64_product} {ergonomic}
     bool UseG1GC                                  = true                                      {product} {ergonomic}
     bool UseLargePagesIndividualAllocation        = false                                  {pd product} {ergonomic}

Logging:
Log output configuration:
 #0: stdout all=warning uptime,level,tags
 #1: stderr all=off uptime,level,tags

Environment Variables:
PATH=C:\Program Files (x86)\Razer\ChromaBroadcast\bin;C:\Program Files\Razer\ChromaBroadcast\bin;C:\Program Files\Common Files\Oracle\Java\javapath;C:\Program Files (x86)\Common Files\Oracle\Java\javapath;C:\WINDOWS\system32;C:\WINDOWS;C:\WINDOWS\System32\Wbem;C:\WINDOWS\System32\WindowsPowerShell\v1.0\;C:\WINDOWS\System32\OpenSSH\;C:\Program Files\NVIDIA Corporation\NVIDIA NvDLISR;C:\Program Files (x86)\NVIDIA Corporation\PhysX\Common;D:\Program Files\nodejs\;D:\Program Files (x86)\PuTTY\;C:\Program Files\Git\cmd;C:\Program Files\CMake\bin;C:\Program Files (x86)\Microsoft SQL Server\160\Tools\Binn\;C:\Program Files\Microsoft SQL Server\160\Tools\Binn\;C:\Program Files\Microsoft SQL Server\Client SDK\ODBC\170\Tools\Binn\;C:\Program Files\Microsoft SQL Server\160\DTS\Binn\;C:\Program Files\PuTTY\;C:\Program Files\dotnet\;C:\Users\Howard\AppData\Local\Microsoft\WindowsApps;C:\Users\Howard\AppData\Local\atom\bin;C:\Users\Howard\AppData\Local\Programs\Microsoft VS Code\bin;C:\Users\Howard\AppData\Roaming\npm;D:\Program Files\JetBrains\IntelliJ IDEA Community Edition 2021.2.3\bin;C:\Users\Howard\AppData\Local\GitHubDesktop\bin;C:\Users\Howard\AppData\Local\Microsoft\WindowsApps;C:\Users\Howard\AppData\Local\atom\bin;C:\Users\Howard\AppData\Local\Programs\Microsoft VS Code\bin;C:\Users\Howard\AppData\Roaming\npm;D:\Program Files\JetBrains\IntelliJ IDEA Community Edition 2022.3.3\bin;;C:\Users\Howard\AppData\Local\GitHubDesktop\bin;D:\Program Files (x86)\Jar2Exe Wizard\
USERNAME=Howard
OS=Windows_NT
PROCESSOR_IDENTIFIER=Intel64 Family 6 Model 94 Stepping 3, GenuineIntel



---------------  S Y S T E M  ---------------

OS: Windows 10 , 64 bit Build 17134 (10.0.17134.753)

CPU:total 4 (initial active 4) (4 cores per cpu, 1 threads per core) family 6 model 94 stepping 3 microcode 0xc6, cmov, cx8, fxsr, mmx, sse, sse2, sse3, ssse3, sse4.1, sse4.2, popcnt, avx, avx2, clmul, erms, 3dnowpref, lzcnt, tsc, tscinvbit, bmi1, bmi2, adx, fma

Memory: 4k page, system-wide physical 32704M (6520M free)
TotalPageFile size 47825M (AvailPageFile size 382M)
current process WorkingSet (physical memory assigned to process): 1057M, peak: 1057M
current process commit charge ("private bytes"): 1154M, peak: 2194M

vm_info: Java HotSpot(TM) 64-Bit Server VM (11.0.20+9-LTS-256) for windows-amd64 JRE (11.0.20+9-LTS-256), built on Jun 14 2023 10:34:22 by "mach5one" with MS VC++ 17.1 (VS2022)

END.
